2024-02-10 13:43:37,965 [INFO] Activator:176 - 


2024-02-10 13:43:37,968 [INFO] Activator:177 - !SESSION log4j initialized
2024-02-10 13:43:39,742 [INFO] LogOutputStream:77 - [STDOUT_REDIRECT] 
2024-02-10 13:43:40,806 [INFO] ApplicationProperties:184 - Using Application install path: /opt/st/stm32cubeide_1.14.0/plugins/com.st.stm32cube.common.mx_6.10.0.202311202037
2024-02-10 13:43:40,818 [INFO] DbMcusXml:78 - Set database path to: /opt/st/stm32cubeide_1.14.0/plugins/com.st.stm32cube.common.mx_6.10.0.202311202037//db//mcu/
2024-02-10 13:43:40,818 [INFO] ApiDb:274 - Set plugin database path to: /opt/st/stm32cubeide_1.14.0/plugins/com.st.stm32cube.common.mx_6.10.0.202311202037//db//plugins/boardmanager/
2024-02-10 13:43:40,818 [WARN] ApiDb:259 - Overriding images path with different value:  => /opt/st/stm32cubeide_1.14.0/plugins/com.st.stm32cube.common.mx_6.10.0.202311202037//db//plugins/mcufinder/images/
2024-02-10 13:43:40,823 [INFO] ApiDb:250 - Set database path to: /home/mario/.stmcufinder/plugins/mcufinder//mcu/
2024-02-10 13:43:40,824 [INFO] DbMcusAds:125 - Set database path to: /home/mario/.stmcufinder/plugins/mcufinder//mcu/
2024-02-10 13:43:40,825 [INFO] CrossReferenceDbSqlite:203 - Set database path to: /home/mario/.stmcufinder/plugins/mcufinder//mcu/cs/
2024-02-10 13:43:40,904 [INFO] RulesReader:64 - Compatibility file has been processed (297 Rules)
2024-02-10 13:43:40,949 [INFO] DbMcusXml:78 - Set database path to: /opt/st/stm32cubeide_1.14.0/plugins/com.st.stm32cube.common.mx_6.10.0.202311202037//db//mcu/
2024-02-10 13:43:40,949 [INFO] ApiDb:274 - Set plugin database path to: /opt/st/stm32cubeide_1.14.0/plugins/com.st.stm32cube.common.mx_6.10.0.202311202037//db//plugins/boardmanager/
2024-02-10 13:43:40,949 [INFO] ApiDb:261 - Set plugin images path to: /opt/st/stm32cubeide_1.14.0/plugins/com.st.stm32cube.common.mx_6.10.0.202311202037//db//plugins/mcufinder/images/
2024-02-10 13:43:40,949 [WARN] DbFile:41 - Overriding database path with different value: /home/mario/.stmcufinder/plugins/mcufinder/ => /home/mario/.stmcufinder/plugins/mcufinder
2024-02-10 13:43:40,949 [INFO] ApiDb:250 - Set database path to: /home/mario/.stmcufinder/plugins/mcufinder//mcu/
2024-02-10 13:43:40,950 [WARN] DbFile:41 - Overriding database path with different value: /home/mario/.stmcufinder/plugins/mcufinder/ => /home/mario/.stmcufinder/plugins/mcufinder
2024-02-10 13:43:40,950 [INFO] DbMcusAds:125 - Set database path to: /home/mario/.stmcufinder/plugins/mcufinder//mcu/
2024-02-10 13:43:40,950 [WARN] DbFile:41 - Overriding database path with different value: /home/mario/.stmcufinder/plugins/mcufinder/ => /home/mario/.stmcufinder/plugins/mcufinder
2024-02-10 13:43:40,950 [WARN] DbFile:41 - Overriding database path with different value: /home/mario/.stmcufinder/plugins/mcufinder/ => /home/mario/.stmcufinder/plugins/mcufinder
2024-02-10 13:43:40,950 [INFO] CrossReferenceDbSqlite:203 - Set database path to: /home/mario/.stmcufinder/plugins/mcufinder//mcu/cs/
2024-02-10 13:43:41,014 [INFO] MainPanel:264 - HeapMemory: 268435456
2024-02-10 13:43:41,083 [INFO] DbMcusXml:78 - Set database path to: /opt/st/stm32cubeide_1.14.0/plugins/com.st.stm32cube.common.mx_6.10.0.202311202037//db//mcu/
2024-02-10 13:43:41,083 [INFO] ApiDb:274 - Set plugin database path to: /opt/st/stm32cubeide_1.14.0/plugins/com.st.stm32cube.common.mx_6.10.0.202311202037//db//plugins/boardmanager/
2024-02-10 13:43:41,084 [INFO] ApiDb:261 - Set plugin images path to: /opt/st/stm32cubeide_1.14.0/plugins/com.st.stm32cube.common.mx_6.10.0.202311202037//db//plugins/mcufinder/images/
2024-02-10 13:43:41,084 [WARN] DbFile:41 - Overriding database path with different value: /home/mario/.stmcufinder/plugins/mcufinder/ => /home/mario/.stmcufinder/plugins/mcufinder
2024-02-10 13:43:41,084 [INFO] ApiDb:250 - Set database path to: /home/mario/.stmcufinder/plugins/mcufinder//mcu/
2024-02-10 13:43:41,084 [WARN] DbFile:41 - Overriding database path with different value: /home/mario/.stmcufinder/plugins/mcufinder/ => /home/mario/.stmcufinder/plugins/mcufinder
2024-02-10 13:43:41,084 [INFO] DbMcusAds:125 - Set database path to: /home/mario/.stmcufinder/plugins/mcufinder//mcu/
2024-02-10 13:43:41,084 [WARN] DbFile:41 - Overriding database path with different value: /home/mario/.stmcufinder/plugins/mcufinder/ => /home/mario/.stmcufinder/plugins/mcufinder
2024-02-10 13:43:41,085 [WARN] DbFile:41 - Overriding database path with different value: /home/mario/.stmcufinder/plugins/mcufinder/ => /home/mario/.stmcufinder/plugins/mcufinder
2024-02-10 13:43:41,085 [INFO] CrossReferenceDbSqlite:203 - Set database path to: /home/mario/.stmcufinder/plugins/mcufinder//mcu/cs/
2024-02-10 13:43:41,098 [INFO] ApplicationProperties:184 - Using Application install path: /opt/st/stm32cubeide_1.14.0/plugins/com.st.stm32cube.common.mx_6.10.0.202311202037
2024-02-10 13:43:41,099 [INFO] PluginManage:196 - Search for loadable plugins [exclusion list=, ]
2024-02-10 13:43:41,100 [INFO] PluginManage:310 - Check plugin analytics
2024-02-10 13:43:41,199 [INFO] AnalyticsPlugin:253 - Accepted Software Licenses: 
2024-02-10 13:43:41,199 [INFO] AnalyticsPlugin:255 - Accepted CMSIS Pack Licenses: 
2024-02-10 13:43:41,199 [INFO] AnalyticsPlugin:257 - Accepted Firmware Licenses: 
2024-02-10 13:43:41,201 [INFO] PluginManage:359 - Loaded plugin analytics (category:tool,tabindex:-1)
2024-02-10 13:43:41,201 [INFO] PluginManage:310 - Check plugin cadmodel
2024-02-10 13:43:41,257 [INFO] CADModel:105 - Init CAD model plugin
2024-02-10 13:43:41,257 [INFO] PluginManage:359 - Loaded plugin cadmodel (category:power,tabindex:5)
2024-02-10 13:43:41,257 [INFO] PluginManage:310 - Check plugin clock
2024-02-10 13:43:41,263 [INFO] PluginManage:359 - Loaded plugin clock (category:base,tabindex:2)
2024-02-10 13:43:41,263 [INFO] PluginManage:310 - Check plugin ddr
2024-02-10 13:43:41,264 [INFO] PluginManage:359 - Loaded plugin ddr (category:tool,tabindex:6)
2024-02-10 13:43:41,265 [INFO] PluginManage:310 - Check plugin filemanager
2024-02-10 13:43:41,349 [INFO] PluginManage:359 - Loaded plugin filemanager (category:base,tabindex:10)
2024-02-10 13:43:41,349 [INFO] PluginManage:310 - Check plugin ipmanager
2024-02-10 13:43:41,353 [INFO] PluginManage:359 - Loaded plugin ipmanager (category:base,tabindex:5)
2024-02-10 13:43:41,353 [INFO] PluginManage:310 - Check plugin lpbam
2024-02-10 13:43:41,359 [INFO] PluginManage:359 - Loaded plugin lpbam (category:base,tabindex:0)
2024-02-10 13:43:41,359 [INFO] PluginManage:310 - Check plugin memorymap
2024-02-10 13:43:41,367 [INFO] PluginManage:359 - Loaded plugin memorymap (category:base,tabindex:4)
2024-02-10 13:43:41,367 [INFO] PluginManage:310 - Check plugin pinoutandconfiguration
2024-02-10 13:43:41,372 [INFO] PluginManage:359 - Loaded plugin pinoutandconfiguration (category:base,tabindex:1)
2024-02-10 13:43:41,372 [INFO] PluginManage:310 - Check plugin pinoutconfig
2024-02-10 13:43:41,423 [WARN] SupportedApi:132 - Cannot load RTOS API schema: s4s-elt-must-match.1: The content of 'definitions' must match (annotation?, (simpleType | complexType)?, (unique | key | keyref)*)). A problem was found starting at: attribute.
2024-02-10 13:43:41,517 [INFO] PluginManage:359 - Loaded plugin pinoutconfig (category:base,tabindex:0)
2024-02-10 13:43:41,517 [INFO] PluginManage:310 - Check plugin power
2024-02-10 13:43:41,523 [INFO] PluginManage:359 - Loaded plugin power (category:power,tabindex:4)
2024-02-10 13:43:41,523 [INFO] PluginManage:310 - Check plugin projectmanager
2024-02-10 13:43:41,534 [INFO] PluginManage:359 - Loaded plugin projectmanager (category:projectmanager,tabindex:3)
2024-02-10 13:43:41,534 [INFO] PluginManage:310 - Check plugin thirdparty
2024-02-10 13:43:41,636 [WARN] IntegrityCheckThread:84 - waiting for thirdparty lock release [integrity check]
2024-02-10 13:43:41,637 [INFO] IntegrityCheckThread:86 - entering critical section [integrity check]
2024-02-10 13:43:41,637 [INFO] PluginManage:359 - Loaded plugin thirdparty (category:base,tabindex:-1)
2024-02-10 13:43:41,637 [INFO] PluginManage:310 - Check plugin tools
2024-02-10 13:43:41,637 [INFO] ThirdPartyUpdaterWithRetryManager:70 - Updater plugin not ready yet. [1/15]
2024-02-10 13:43:41,639 [INFO] PluginManage:359 - Loaded plugin tools (category:base,tabindex:7)
2024-02-10 13:43:41,639 [INFO] PluginManage:310 - Check plugin tutovideos
2024-02-10 13:43:41,755 [INFO] PluginManage:359 - Loaded plugin tutovideos (category:base,tabindex:-1)
2024-02-10 13:43:41,755 [INFO] PluginManage:310 - Check plugin updater
2024-02-10 13:43:41,762 [INFO] PluginManage:359 - Loaded plugin updater (category:base,tabindex:12)
2024-02-10 13:43:41,763 [INFO] PluginManage:310 - Check plugin userauth
2024-02-10 13:43:41,767 [INFO] UserAuth:114 - Init User Auth plugin
2024-02-10 13:43:41,767 [INFO] PluginManage:359 - Loaded plugin userauth (category:base,tabindex:14)
2024-02-10 13:43:41,767 [INFO] PluginManage:283 - PluginManage : Loaded plugins [17]
2024-02-10 13:43:41,880 [INFO] PinOutPanel:1499 - setPackage(No Configuration,No Configuration)
2024-02-10 13:43:41,927 [INFO] CADModel:165 - CPN selected for project level
2024-02-10 13:43:41,927 [INFO] CADModel:114 - Register for checkConnection events
2024-02-10 13:43:41,933 [INFO] IPUIPlugin:80 - create IPUIPlugin
2024-02-10 13:43:41,934 [INFO] PluginManager:220 - loadIPPluginJar : add dfsdm
2024-02-10 13:43:41,937 [INFO] IPUIPlugin:80 - create IPUIPlugin
2024-02-10 13:43:41,937 [INFO] PluginManager:220 - loadIPPluginJar : add freertos
2024-02-10 13:43:41,942 [INFO] IPUIPlugin:80 - create IPUIPlugin
2024-02-10 13:43:41,943 [INFO] PluginManager:220 - loadIPPluginJar : add gic
2024-02-10 13:43:41,946 [INFO] IPUIPlugin:80 - create IPUIPlugin
2024-02-10 13:43:41,946 [INFO] PluginManager:220 - loadIPPluginJar : add i2c
2024-02-10 13:43:41,947 [INFO] IPUIPlugin:80 - create IPUIPlugin
2024-02-10 13:43:41,947 [INFO] PluginManager:220 - loadIPPluginJar : add usbx
2024-02-10 13:43:41,949 [INFO] IPUIPlugin:80 - create IPUIPlugin
2024-02-10 13:43:41,949 [INFO] PluginManager:220 - loadIPPluginJar : add pdm2pcm
2024-02-10 13:43:41,950 [INFO] IPUIPlugin:80 - create IPUIPlugin
2024-02-10 13:43:41,950 [INFO] PluginManager:220 - loadIPPluginJar : add i2s
2024-02-10 13:43:41,951 [INFO] IPUIPlugin:80 - create IPUIPlugin
2024-02-10 13:43:41,951 [INFO] PluginManager:220 - loadIPPluginJar : add openamp
2024-02-10 13:43:41,953 [INFO] IPUIPlugin:80 - create IPUIPlugin
2024-02-10 13:43:41,953 [INFO] PluginManager:220 - loadIPPluginJar : add ipddr
2024-02-10 13:43:41,954 [INFO] IPUIPlugin:80 - create IPUIPlugin
2024-02-10 13:43:41,954 [INFO] PluginManager:220 - loadIPPluginJar : add aes
2024-02-10 13:43:41,959 [INFO] IPUIPlugin:80 - create IPUIPlugin
2024-02-10 13:43:41,959 [INFO] PluginManager:220 - loadIPPluginJar : add adc
2024-02-10 13:43:41,960 [INFO] IPUIPlugin:80 - create IPUIPlugin
2024-02-10 13:43:41,960 [INFO] PluginManager:220 - loadIPPluginJar : add can
2024-02-10 13:43:41,961 [INFO] IPUIPlugin:80 - create IPUIPlugin
2024-02-10 13:43:41,961 [INFO] PluginManager:220 - loadIPPluginJar : add genericplugin
2024-02-10 13:43:41,962 [INFO] IPUIPlugin:80 - create IPUIPlugin
2024-02-10 13:43:41,962 [INFO] PluginManager:220 - loadIPPluginJar : add cryp
2024-02-10 13:43:41,962 [INFO] IPUIPlugin:80 - create IPUIPlugin
2024-02-10 13:43:41,962 [INFO] PluginManager:220 - loadIPPluginJar : add ltdc
2024-02-10 13:43:41,963 [INFO] IPUIPlugin:80 - create IPUIPlugin
2024-02-10 13:43:41,963 [INFO] PluginManager:220 - loadIPPluginJar : add fatfs
2024-02-10 13:43:41,964 [INFO] IPUIPlugin:80 - create IPUIPlugin
2024-02-10 13:43:41,964 [INFO] PluginManager:220 - loadIPPluginJar : add tsc
2024-02-10 13:43:41,968 [INFO] IPUIPlugin:80 - create IPUIPlugin
2024-02-10 13:43:41,968 [INFO] PluginManager:220 - loadIPPluginJar : add linkedlist
2024-02-10 13:43:41,969 [INFO] IPUIPlugin:80 - create IPUIPlugin
2024-02-10 13:43:41,969 [INFO] PluginManager:220 - loadIPPluginJar : add hash
2024-02-10 13:43:41,970 [INFO] IPUIPlugin:80 - create IPUIPlugin
2024-02-10 13:43:41,970 [INFO] PluginManager:220 - loadIPPluginJar : add dma3
2024-02-10 13:43:41,972 [INFO] IPUIPlugin:80 - create IPUIPlugin
2024-02-10 13:43:41,972 [INFO] PluginManager:220 - loadIPPluginJar : add usart
2024-02-10 13:43:41,973 [INFO] IPUIPlugin:80 - create IPUIPlugin
2024-02-10 13:43:41,973 [INFO] PluginManager:220 - loadIPPluginJar : add ucpd
2024-02-10 13:43:41,975 [INFO] IPUIPlugin:80 - create IPUIPlugin
2024-02-10 13:43:41,975 [INFO] PluginManager:220 - loadIPPluginJar : add resmgrutility
2024-02-10 13:43:41,976 [INFO] IPUIPlugin:80 - create IPUIPlugin
2024-02-10 13:43:41,976 [INFO] PluginManager:220 - loadIPPluginJar : add comp
2024-02-10 13:43:41,977 [INFO] IPUIPlugin:80 - create IPUIPlugin
2024-02-10 13:43:41,977 [INFO] PluginManager:220 - loadIPPluginJar : add spi
2024-02-10 13:43:41,978 [INFO] IPUIPlugin:80 - create IPUIPlugin
2024-02-10 13:43:41,978 [INFO] PluginManager:220 - loadIPPluginJar : add gfxmmu
2024-02-10 13:43:41,980 [INFO] IPUIPlugin:80 - create IPUIPlugin
2024-02-10 13:43:41,980 [INFO] PluginManager:220 - loadIPPluginJar : add sai
2024-02-10 13:43:41,982 [INFO] IPUIPlugin:80 - create IPUIPlugin
2024-02-10 13:43:41,983 [INFO] PluginManager:220 - loadIPPluginJar : add stm32_wpan
2024-02-10 13:43:41,985 [INFO] IPUIPlugin:80 - create IPUIPlugin
2024-02-10 13:43:41,985 [INFO] PluginManager:220 - loadIPPluginJar : add nvic
2024-02-10 13:43:41,986 [INFO] IPUIPlugin:80 - create IPUIPlugin
2024-02-10 13:43:41,986 [INFO] PluginManager:220 - loadIPPluginJar : add tim
2024-02-10 13:43:41,987 [INFO] IPUIPlugin:80 - create IPUIPlugin
2024-02-10 13:43:41,987 [INFO] PluginManager:220 - loadIPPluginJar : add gtzc
2024-02-10 13:43:41,991 [INFO] IPUIPlugin:80 - create IPUIPlugin
2024-02-10 13:43:41,991 [INFO] PluginManager:220 - loadIPPluginJar : add dma
2024-02-10 13:43:41,992 [INFO] IPUIPlugin:80 - create IPUIPlugin
2024-02-10 13:43:41,992 [INFO] PluginManager:220 - loadIPPluginJar : add quadspi
2024-02-10 13:43:41,993 [INFO] IPUIPlugin:80 - create IPUIPlugin
2024-02-10 13:43:41,993 [INFO] PluginManager:220 - loadIPPluginJar : add i3c
2024-02-10 13:43:41,994 [INFO] IPUIPlugin:80 - create IPUIPlugin
2024-02-10 13:43:41,994 [INFO] PluginManager:220 - loadIPPluginJar : add ts
2024-02-10 13:43:41,995 [INFO] IPUIPlugin:80 - create IPUIPlugin
2024-02-10 13:43:41,995 [INFO] PluginManager:220 - loadIPPluginJar : add lorawan
2024-02-10 13:43:41,996 [INFO] IPUIPlugin:80 - create IPUIPlugin
2024-02-10 13:43:41,997 [INFO] PluginManager:220 - loadIPPluginJar : add opamp
2024-02-10 13:43:42,000 [INFO] IPUIPlugin:80 - create IPUIPlugin
2024-02-10 13:43:42,002 [INFO] PluginManager:220 - loadIPPluginJar : add plateformsettings
2024-02-10 13:43:42,004 [INFO] IPUIPlugin:80 - create IPUIPlugin
2024-02-10 13:43:42,004 [INFO] PluginManager:220 - loadIPPluginJar : add touchsensing
2024-02-10 13:43:42,008 [INFO] IPUIPlugin:80 - create IPUIPlugin
2024-02-10 13:43:42,008 [INFO] PluginManager:220 - loadIPPluginJar : add mdma
2024-02-10 13:43:42,009 [INFO] IPUIPlugin:80 - create IPUIPlugin
2024-02-10 13:43:42,009 [INFO] PluginManager:220 - loadIPPluginJar : add tracer_emb
2024-02-10 13:43:42,011 [INFO] IPUIPlugin:80 - create IPUIPlugin
2024-02-10 13:43:42,011 [INFO] PluginManager:220 - loadIPPluginJar : add gpio
2024-02-10 13:43:42,014 [INFO] IPUIPlugin:80 - create IPUIPlugin
2024-02-10 13:43:42,014 [INFO] PluginManager:220 - loadIPPluginJar : add fmc
2024-02-10 13:43:42,108 [INFO] CADModel:165 - CPN selected for project level
2024-02-10 13:43:42,108 [INFO] CADModel:114 - Register for checkConnection events
2024-02-10 13:43:42,108 [FATAL] Updater:308 - Updater called before beeing initialized
2024-02-10 13:43:42,109 [ERROR] CADModel:125 - Updater not yet initialized, retry later 
2024-02-10 13:43:42,214 [INFO] CADModel:165 - CPN selected for project level
2024-02-10 13:43:42,214 [INFO] CADModel:114 - Register for checkConnection events
2024-02-10 13:43:42,214 [FATAL] Updater:308 - Updater called before beeing initialized
2024-02-10 13:43:42,214 [ERROR] CADModel:125 - Updater not yet initialized, retry later 
2024-02-10 13:43:42,216 [FATAL] Updater:308 - Updater called before beeing initialized
2024-02-10 13:43:42,257 [FATAL] Updater:308 - Updater called before beeing initialized
2024-02-10 13:43:42,261 [INFO] DbMcusAds:53 - JSON generation date=Wed Nov 29 02:52:27 PST 2023 (1701255147200)
2024-02-10 13:43:42,261 [FATAL] Updater:308 - Updater called before beeing initialized
2024-02-10 13:43:42,284 [WARN] DetailPanel:346 - Failed to get advertising image, set to default
2024-02-10 13:43:42,354 [FATAL] Updater:308 - Updater called before beeing initialized
2024-02-10 13:43:42,355 [FATAL] Updater:308 - Updater called before beeing initialized
2024-02-10 13:43:42,355 [FATAL] Updater:308 - Updater called before beeing initialized
2024-02-10 13:43:42,355 [WARN] DetailPanel:346 - Failed to get advertising image, set to default
2024-02-10 13:43:42,356 [FATAL] Updater:308 - Updater called before beeing initialized
2024-02-10 13:43:42,388 [ERROR] Updater:1120 - MainUpdater not yet initialized. External WinMGr cannot be set.
2024-02-10 13:43:42,389 [INFO] Updater:1056 - Updater Version found : 6.10.0
2024-02-10 13:43:42,403 [INFO] ApplicationProperties:184 - Using Application install path: /opt/st/stm32cubeide_1.14.0/plugins/com.st.stm32cube.common.mx_6.10.0.202311202037
2024-02-10 13:43:42,617 [INFO] MainUpdater:2873 - connection check result : 10
2024-02-10 13:43:42,617 [INFO] MainUpdater:3567 - Updater definition file requires update
2024-02-10 13:43:42,617 [INFO] MainUpdater:290 - Updater Check For Update Now.
2024-02-10 13:43:42,618 [INFO] MicroXplorer:498 - Change Database Version : DB.6.0.100
2024-02-10 13:43:42,623 [INFO] McuFinderGlobals:63 - Set McuFinder mode to 2 (CubeIDE integrated)
2024-02-10 13:43:42,623 [INFO] UserAuth:180 - activating auth plugin
2024-02-10 13:43:42,626 [INFO] UserAuth:404 - Internet connection configuration mode: 1
2024-02-10 13:43:42,640 [INFO] JxBrowserEngine:152 - Initiate JxBrowser Engine with user profile folder
2024-02-10 13:43:42,648 [INFO] ServerAccessManage:473 - Download File updaters.zip
2024-02-10 13:43:42,710 [INFO] FileExtend:240 - Unzip File : updaters.zip
2024-02-10 13:43:42,710 [INFO] FileExtend:255 - Standard Zip Deflate
2024-02-10 13:43:42,821 [INFO] ServerAccessManage:473 - Download File PacksControlFlags.xml
2024-02-10 13:43:42,855 [INFO] ServerAccessManage:473 - Download File cubemx.pidx
2024-02-10 13:43:42,914 [INFO] LoadServerUpdatesThread:375 - End of LoadServerUpdate Thread
2024-02-10 13:43:43,053 [INFO] CheckServerUpdateThread:120 - End of CheckServer Thread
2024-02-10 13:43:43,369 [INFO] WebApp:161 - Instantiating new browser for Auth
2024-02-10 13:43:43,810 [INFO] WebApp:780 - Register for checkConnection events
2024-02-10 13:43:43,810 [INFO] WebApp:414 - Apply proxy settings
2024-02-10 13:43:43,810 [INFO] WebApp:499 - Chromium requires no authentication
2024-02-10 13:43:43,814 [INFO] WebApp:442 - Direct internet connection detected
2024-02-10 13:43:43,909 [INFO] WebApp:192 - Starting web application
2024-02-10 13:43:43,909 [INFO] WebApp:544 - Web application path used /opt/st/stm32cubeide_1.14.0/plugins/com.st.stm32cube.common.mx_6.10.0.202311202037/db/plugins/mcufinder/reactClient1/index.html
2024-02-10 13:43:44,710 [WARN] PackLoader:240 - Cannot read IP mode file for STMicroelectronics.X-CUBE-SMBUS.2.1.0
2024-02-10 13:43:44,717 [WARN] PackLoader:240 - Cannot read IP mode file for STMicroelectronics.X-CUBE-TOUCHGFX.4.23.0
2024-02-10 13:43:44,753 [WARN] PackLoader:240 - Cannot read IP mode file for STMicroelectronics.X-CUBE-AZRTOS-F7.1.1.0
2024-02-10 13:43:44,767 [WARN] PackLoader:240 - Cannot read IP mode file for STMicroelectronics.FP-SNS-MOTENV1.4.3.2
2024-02-10 13:43:44,775 [WARN] PackLoader:240 - Cannot read IP mode file for STMicroelectronics.FP-SNS-FLIGHT1.5.0.2
2024-02-10 13:43:44,786 [WARN] PackLoader:240 - Cannot read IP mode file for STMicroelectronics.X-CUBE-DISPLAY.3.0.0
2024-02-10 13:43:44,801 [WARN] PackLoader:240 - Cannot read IP mode file for STMicroelectronics.X-CUBE-BLE1.7.0.0
2024-02-10 13:43:44,808 [WARN] PackLoader:240 - Cannot read IP mode file for emotas.I-CUBE-CANOPEN.1.3.0
2024-02-10 13:43:44,814 [WARN] PackLoader:240 - Cannot read IP mode file for STMicroelectronics.FP-SNS-SMARTAG2.1.2.0
2024-02-10 13:43:44,826 [INFO] LogOutputStream:77 - [STDOUT_REDIRECT] 1 : Invalid condition id : UX_CORESTACK_Condition cause : null
2024-02-10 13:43:44,827 [INFO] LogOutputStream:77 - [STDOUT_REDIRECT] 1 : Invalid condition id : UX_CORESTACK_Condition cause : null
2024-02-10 13:43:44,827 [INFO] LogOutputStream:77 - [STDOUT_REDIRECT] 1 : Invalid condition id : UX_CORESTACK_Condition cause : null
2024-02-10 13:43:44,827 [INFO] LogOutputStream:77 - [STDOUT_REDIRECT] 1 : Invalid condition id : UX_CORESTACK_Condition cause : null
2024-02-10 13:43:44,828 [INFO] LogOutputStream:77 - [STDOUT_REDIRECT] 1 : Invalid condition id : UX_CORESTACK_Condition cause : null
2024-02-10 13:43:44,835 [WARN] PackLoader:240 - Cannot read IP mode file for STMicroelectronics.X-CUBE-AZRTOS-WL.2.0.0
2024-02-10 13:43:44,846 [WARN] PackLoader:240 - Cannot read IP mode file for WES.I-CUBE-Cesium.1.3.0
2024-02-10 13:43:44,851 [WARN] PackLoader:240 - Cannot read IP mode file for STMicroelectronics.X-CUBE-BLE2.3.3.0
2024-02-10 13:43:44,858 [WARN] PackLoader:240 - Cannot read IP mode file for STMicroelectronics.X-CUBE-ALGOBUILD.1.3.0
2024-02-10 13:43:44,871 [WARN] PackLoader:240 - Cannot read IP mode file for STMicroelectronics.X-CUBE-AZRTOS-G0.1.1.0
2024-02-10 13:43:44,876 [WARN] PackLoader:240 - Cannot read IP mode file for STMicroelectronics.X-CUBE-NFC4.3.0.0
2024-02-10 13:43:44,882 [WARN] PackLoader:240 - Cannot read IP mode file for STMicroelectronics.X-CUBE-BLEMGR.3.0.0
2024-02-10 13:43:44,886 [WARN] PackLoader:240 - Cannot read IP mode file for STMicroelectronics.FP-ATR-SIGFOX1.3.2.0
2024-02-10 13:43:44,890 [WARN] PackLoader:240 - Cannot read IP mode file for STMicroelectronics.X-CUBE-EEPRMA1.5.1.0
2024-02-10 13:43:44,912 [WARN] PackLoader:240 - Cannot read IP mode file for SEGGER.I-CUBE-embOS.1.3.1
2024-02-10 13:43:44,940 [WARN] PackLoader:240 - Cannot read IP mode file for STMicroelectronics.X-CUBE-GNSS1.6.0.0
2024-02-10 13:43:44,957 [WARN] PackLoader:240 - Cannot read IP mode file for STMicroelectronics.X-CUBE-AZRTOS-F4.1.1.0
2024-02-10 13:43:44,965 [WARN] PackLoader:240 - Cannot read IP mode file for wolfSSL.I-CUBE-wolfSSL.5.6.6
2024-02-10 13:43:44,986 [WARN] PackLoader:240 - Cannot read IP mode file for STMicroelectronics.X-CUBE-AZRTOS-L5.2.0.0
2024-02-10 13:43:44,995 [WARN] PackLoader:240 - Cannot read IP mode file for ITTIA_DB.I-CUBE-ITTIADB.8.8.0
2024-02-10 13:43:45,001 [WARN] PackLoader:240 - Cannot read IP mode file for STMicroelectronics.X-CUBE-NFC7.1.0.1
2024-02-10 13:43:45,011 [WARN] PackLoader:240 - Cannot read IP mode file for STMicroelectronics.X-CUBE-NFC6.3.0.0
2024-02-10 13:43:45,018 [WARN] PackLoader:240 - Cannot read IP mode file for STMicroelectronics.X-CUBE-AI.8.1.0
2024-02-10 13:43:45,043 [WARN] ConditionMgr:438 - getConditionDescription Invalid condition id : LAN8742 Phy interface Condition cause : null
2024-02-10 13:43:45,044 [WARN] PackLoader:240 - Cannot read IP mode file for STMicroelectronics.X-CUBE-AZRTOS-L4.2.0.0
2024-02-10 13:43:45,046 [WARN] ConditionMgr:1039 - genDependencies : Invalid condition id : LAN8742 Phy interface Condition cause : null
2024-02-10 13:43:45,047 [WARN] ConditionMgr:1039 - genDependencies : Invalid condition id : LAN8742 Phy interface Condition cause : null
2024-02-10 13:43:45,048 [WARN] ConditionMgr:1039 - genDependencies : Invalid condition id : LAN8742 Phy interface Condition cause : null
2024-02-10 13:43:45,057 [WARN] PackLoader:240 - Cannot read IP mode file for STMicroelectronics.X-CUBE-SFXS2LP1.4.0.0
2024-02-10 13:43:45,075 [WARN] ConditionMgr:438 - getConditionDescription Invalid condition id : UX DEVICE CLASS RTOS Condition cause : null
2024-02-10 13:43:45,076 [WARN] ConditionMgr:438 - getConditionDescription Invalid condition id : UX DEVICE CLASS RTOS Condition cause : null
2024-02-10 13:43:45,079 [WARN] PackLoader:240 - Cannot read IP mode file for STMicroelectronics.X-CUBE-AZRTOS-WB.2.0.0
2024-02-10 13:43:45,080 [WARN] ConditionMgr:1039 - genDependencies : Invalid condition id : UX DEVICE CLASS RTOS Condition cause : null
2024-02-10 13:43:45,080 [WARN] ConditionMgr:1039 - genDependencies : Invalid condition id : UX DEVICE CLASS RTOS Condition cause : null
2024-02-10 13:43:45,081 [WARN] ConditionMgr:1039 - genDependencies : Invalid condition id : UX DEVICE CLASS RTOS Condition cause : null
2024-02-10 13:43:45,081 [WARN] ConditionMgr:1039 - genDependencies : Invalid condition id : UX DEVICE CLASS RTOS Condition cause : null
2024-02-10 13:43:45,081 [WARN] ConditionMgr:1039 - genDependencies : Invalid condition id : UX DEVICE CLASS RTOS Condition cause : null
2024-02-10 13:43:45,095 [WARN] PackLoader:240 - Cannot read IP mode file for STMicroelectronics.X-CUBE-SUBG2.5.0.0
2024-02-10 13:43:45,120 [WARN] PackLoader:240 - Cannot read IP mode file for STMicroelectronics.X-CUBE-AZRTOS-G4.2.0.0
2024-02-10 13:43:45,136 [WARN] PackLoader:240 - Cannot read IP mode file for Infineon.AIROC-Wi-Fi-Bluetooth-STM32.1.5.1
2024-02-10 13:43:45,144 [WARN] PackLoader:240 - Cannot read IP mode file for STMicroelectronics.FP-SNS-MOTENVWB1.1.3.1
2024-02-10 13:43:45,148 [WARN] PackLoader:240 - Cannot read IP mode file for STMicroelectronics.X-CUBE-ISPU.2.0.0
2024-02-10 13:43:45,195 [WARN] PackLoader:240 - Cannot read IP mode file for STMicroelectronics.X-CUBE-MEMS1.10.0.0
2024-02-10 13:43:45,334 [WARN] PackLoader:240 - Cannot read IP mode file for STMicroelectronics.X-CUBE-FREERTOS.1.1.0
2024-02-10 13:43:45,338 [WARN] PackLoader:240 - Cannot read IP mode file for portGmbH.I-Cube-SoM-uGOAL.1.1.0
2024-02-10 13:43:45,342 [WARN] PackLoader:240 - Cannot read IP mode file for STMicroelectronics.X-CUBE-ALS.1.0.1
2024-02-10 13:43:45,346 [WARN] PackLoader:240 - Cannot read IP mode file for STMicroelectronics.FP-ATR-ASTRA1.2.0.0
2024-02-10 13:43:45,356 [WARN] PackLoader:240 - Cannot read IP mode file for STMicroelectronics.X-CUBE-TOF1.3.4.0
2024-02-10 13:43:45,381 [WARN] PackLoader:240 - Cannot read IP mode file for STMicroelectronics.X-CUBE-AZRTOS-H7.3.2.0
2024-02-10 13:43:45,384 [INFO] ThirdParty:978 - Integrity check success = true
2024-02-10 13:43:45,384 [INFO] IntegrityCheckThread:100 - exiting critical section [integrity check]
2024-02-10 13:43:45,384 [INFO] IntegrityCheckThread:103 - End integrity checks thread
2024-02-10 13:44:04,236 [ERROR] LogOutputStream:75 - [STDERR_REDIRECT] SLF4J: Failed to load class "org.slf4j.impl.StaticLoggerBinder".
2024-02-10 13:44:04,236 [ERROR] LogOutputStream:75 - [STDERR_REDIRECT] SLF4J: Defaulting to no-operation (NOP) logger implementation
2024-02-10 13:44:04,237 [ERROR] LogOutputStream:75 - [STDERR_REDIRECT] SLF4J: See http://www.slf4j.org/codes.html#StaticLoggerBinder for further details.
2024-02-10 13:54:41,899 [INFO] McuFinderGlobals:63 - Set McuFinder mode to 2 (CubeIDE integrated)
2024-02-10 13:54:41,902 [INFO] MainUpdater:2873 - connection check result : 10
2024-02-10 13:54:41,906 [INFO] McuFinderGlobals:76 - Set McuFinderConnectedMode to true
2024-02-10 13:54:42,196 [INFO] ServerAccessManage:473 - Download File mcusAds.json._tmp_
2024-02-10 13:54:42,306 [INFO] LoadUrlFilesThread:156 - End of LoadUrlFiles Thread
2024-02-10 13:54:42,452 [INFO] ServerAccessManage:473 - Download File cube-finder-db.zip
2024-02-10 13:54:48,105 [INFO] FileExtend:240 - Unzip File : cube-finder-db.zip
2024-02-10 13:54:48,106 [INFO] FileExtend:255 - Standard Zip Deflate
2024-02-10 13:54:48,655 [INFO] LoadUrlFilesThread:156 - End of LoadUrlFiles Thread
2024-02-10 13:54:49,889 [INFO] ServerAccessManage:473 - Download File crdb.zip
2024-02-10 13:54:52,570 [INFO] FileExtend:240 - Unzip File : crdb.zip
2024-02-10 13:54:52,571 [INFO] FileExtend:255 - Standard Zip Deflate
2024-02-10 13:54:52,703 [INFO] LoadUrlFilesThread:156 - End of LoadUrlFiles Thread
2024-02-10 13:54:52,867 [INFO] ServerAccessManage:473 - Download File tutoVideoDB.zip
2024-02-10 13:54:52,880 [INFO] FileExtend:240 - Unzip File : tutoVideoDB.zip
2024-02-10 13:54:52,880 [INFO] FileExtend:255 - Standard Zip Deflate
2024-02-10 13:54:52,983 [INFO] LoadUrlFilesThread:156 - End of LoadUrlFiles Thread
2024-02-10 13:54:52,986 [WARN] DbFile:41 - Overriding database path with different value: /home/mario/.stmcufinder/plugins/mcufinder/ => /home/mario/.stmcufinder/plugins/mcufinder
2024-02-10 13:54:53,122 [INFO] ServerAccessManage:473 - Download File api_config.json
2024-02-10 13:54:53,227 [INFO] LoadUrlFilesThread:156 - End of LoadUrlFiles Thread
2024-02-10 13:54:53,227 [INFO] DbMcusAds:53 - JSON generation date=Wed Nov 29 02:52:27 PST 2023 (1701255147200)
2024-02-10 13:54:53,242 [INFO] LoadUrlFilesThread:185 - End of LoadServerUrlFiles without Thread
2024-02-10 13:54:53,242 [INFO] TargetSelectorAdapter:259 - Refresh data is successful
2024-02-10 13:54:53,322 [INFO] ApiDb:581 - Connected to CubeFinder SQLite database (/home/mario/.stmcufinder/plugins/mcufinder/mcu/cube-finder-db.db)
2024-02-10 13:54:53,347 [INFO] ApiDb:668 - CubeFinder database Data Model version=2.1
2024-02-10 13:54:53,347 [INFO] ApiDb:669 - CubeFinder database Configuration version=3.0.39
2024-02-10 13:54:53,348 [INFO] ApiDb:670 - CubeFinder database generation date=2024-01-11 (1704964531)
2024-02-10 13:54:53,348 [INFO] ApiDb:671 - CubeFinder database FW Pack versions=[FP-ATR-ASTRA1_V2.0.0, FP-SNS-FLIGHT1_V5.0.1, FP-SNS-FLIGHT1_V5.0.2, FP-SNS-MOTENV1_V4.3.1, FP-SNS-MOTENV1_V4.3.2, FP-SNS-MOTENVWB1_V1.3.1, FP-SNS-SMARTAG2_V1.2.0, STM32Cube_FW_C0_V1.1.0, STM32Cube_FW_F4_V1.28.0, STM32Cube_FW_F7_V1.17.0, STM32Cube_FW_G0_V1.6.2, STM32Cube_FW_G4_V1.5.2, STM32Cube_FW_H5_V0.5.1, STM32Cube_FW_H5_V1.1.1, STM32Cube_FW_H5_V1.2.0RC2, STM32Cube_FW_H7_V1.11.0, STM32Cube_FW_L0_V1.12.2, STM32Cube_FW_L5_V1.5.0, STM32Cube_FW_U5_V1.3.0RC4, STM32Cube_FW_U5_V1.4.0, STM32Cube_FW_WBA_V1.0.0RC1, STM32Cube_FW_WBA_V1.1.0RC1, STM32Cube_FW_WBA_V1.2.0, STM32Cube_FW_WBA_V1.2.0RC2, STM32Cube_FW_WB_V1.15.0RC1, STM32Cube_FW_WB_V1.16.0, STM32Cube_FW_WB_V1.16.0RC2, STM32Cube_FW_WB_V1.18.0, STM32Cube_FW_WL_V1.3.0, X-CUBE-ALGOBUILD_V1.3.0, X-CUBE-ALS_V1.0.1, X-CUBE-AZRTOS-F4_V1.1.0, X-CUBE-AZRTOS-F7_V1.1.0, X-CUBE-AZRTOS-G0_V1.1.0, X-CUBE-AZRTOS-G4_V2.0.0, X-CUBE-AZRTOS-H7_V3.2.0, X-CUBE-AZRTOS-L4_V1.0.0, X-CUBE-AZRTOS-L4_V2.0.0, X-CUBE-AZRTOS-L5_V1.1.0, X-CUBE-AZRTOS-WB_V2.0.0, X-CUBE-AZRTOS-WL_V2.0.0, X-CUBE-BLE1_V7.0.0, X-CUBE-BLE2_V3.3.0, X-CUBE-BLEMGR_V3.0.0, X-CUBE-EEPRMA1_V4.1.0, X-CUBE-EEPRMA1_V4.2.0, X-CUBE-FREERTOS_V1.1.0, X-CUBE-GNSS1_V6.0.0, X-CUBE-MEMS1_V10.0.0, X-CUBE-MEMS1_V9.1.0, X-CUBE-MEMS1_V9.4.0, X-CUBE-MEMS1_V9.6.0, X-CUBE-NFC4_V3.0.0, X-CUBE-NFC7_V1.0.1, X-CUBE-SFXS2LP1_V4.0.0, X-CUBE-SUBG2_V5.0.0, X-CUBE-TOF1_V3.4.0]
2024-02-10 13:54:54,574 [INFO] ApiDb:240 - Found 371 in-development CPN: [B-G473E-ZEST1S, B-WB1M-WPAN1, B-WL5M-SUBG1, NUCLEO-C031C6, NUCLEO-H503RB, NUCLEO-H563ZI, NUCLEO-U545RE-Q, NUCLEO-U5A5ZJ-Q, NUCLEO-WBA52CG, NUCLEO-WBA55CG, STEVAL-MKBOXPRO, STEVAL-PROTEUS1, STEVAL-STWINBX1, STM320518-EVAL, STM32C0116-DK, STM32C011D6Y3TR, STM32C011D6Y6TR, STM32C011F4P3, STM32C011F4P6, STM32C011F4U3, STM32C011F4U6TR, STM32C011F6P3, STM32C011F6P6, STM32C011F6U3, STM32C011F6U6TR, STM32C011J4M3, STM32C011J4M6, STM32C011J6M3, STM32C011J6M6, STM32C0316-DK, STM32C031C4T3, STM32C031C4T6, STM32C031C4U3, STM32C031C4U6, STM32C031C6T3, STM32C031C6T6, STM32C031C6U3, STM32C031C6U6, STM32C031F4P3, STM32C031F4P6, STM32C031F6P3, STM32C031F6P6, STM32C031G4U3, STM32C031G4U6, STM32C031G6U3, STM32C031G6U6, STM32C031K4T3, STM32C031K4T6, STM32C031K4U3, STM32C031K4U6, STM32C031K6T3, STM32C031K6T6, STM32C031K6U3, STM32C031K6U6, STM32G071K8TXN, STM32G071K8UXN, STM32G081GBU6N, STM32G081KBT6N, STM32G081KBUXN, STM32G0B1CCT6N, STM32G0B1KCT6, STM32G0B1NEY6TR, STM32G0B1RCT6N, STM32G0C1CCT6, STM32G0C1CCT6N, STM32G0C1CCU6N, STM32G0C1CET6N, STM32G0C1CEU6N, STM32G0C1KCT6, STM32G0C1NEY6TR, STM32G0C1RCI6N, STM32G0C1RCT6N, STM32G0C1REI6N, STM32G0C1RET6N, STM32G0C1VCI6, STM32G0C1VEI6, STM32G471CCT6, STM32G471CCU6, STM32G471CET3, STM32G471CET6, STM32G471CEU3, STM32G471CEU6, STM32G471MCT6, STM32G471MET3, STM32G471MET6, STM32G471MEY6TR, STM32G471QCT6, STM32G471QET3, STM32G471RCT6, STM32G471RET3, STM32G471RET6, STM32G471VCH6, STM32G471VCI6, STM32G471VCT6, STM32G471VEH3, STM32G471VEH6, STM32G471VEI3, STM32G471VEI6, STM32G471VET3, STM32G471VET6, STM32G474CCT6, STM32H503CBT6, STM32H503CBU6, STM32H503EBY6TR, STM32H503KBU6, STM32H503RBT6, STM32H562AGI6, STM32H562AII6, STM32H562IGK6, STM32H562IGT6, STM32H562IIK6, STM32H562IIT6, STM32H562RGT6, STM32H562RGV6, STM32H562RIT6, STM32H562RIV6, STM32H562VGT6, STM32H562VIT6, STM32H562ZGT6, STM32H562ZIT6, STM32H563AGI6, STM32H563AII3Q, STM32H563AII6, STM32H563IGK6, STM32H563IGT6, STM32H563IIK3Q, STM32H563IIK6, STM32H563IIT3Q, STM32H563IIT6, STM32H563MIY3QTR, STM32H563RGT6, STM32H563RGV6, STM32H563RIT6, STM32H563RIV6, STM32H563VGT6, STM32H563VIT3Q, STM32H563VIT6, STM32H563ZGT6, STM32H563ZIT3Q, STM32H563ZIT6, STM32H573AII3Q, STM32H573AII6, STM32H573I-DK, STM32H573IIK3Q, STM32H573IIK6, STM32H573IIT3Q, STM32H573IIT6, STM32H573MIY3QTR, STM32H573RIT6, STM32H573RIV6, STM32H573VIT3Q, STM32H573VIT6, STM32H573ZIT3Q, STM32H573ZIT6, STM32L4R5QGI6STR, STM32MP131AAE3, STM32MP131AAF3, STM32MP131AAG3, STM32MP131CAE3, STM32MP131CAF3, STM32MP131CAG3, STM32MP131DAE7, STM32MP131DAF7, STM32MP131DAG7, STM32MP131FAE7, STM32MP131FAF7, STM32MP131FAG7, STM32MP133AAE3, STM32MP133AAF3, STM32MP133AAG3, STM32MP133CAE3, STM32MP133CAF3, STM32MP133CAG3, STM32MP133DAE7, STM32MP133DAF7, STM32MP133DAG7, STM32MP133FAE7, STM32MP133FAF7, STM32MP133FAG7, STM32MP135AAE3, STM32MP135AAF3, STM32MP135AAG3, STM32MP135CAE3, STM32MP135CAF3, STM32MP135CAG3, STM32MP135DAE7, STM32MP135DAF7, STM32MP135DAG7, STM32MP135F-DK, STM32MP135FAE7, STM32MP135FAF7, STM32MP135FAF7T, STM32MP135FAF7U, STM32MP135FAG7, STM32U535CBT6, STM32U535CBT6Q, STM32U535CBU6, STM32U535CBU6Q, STM32U535CCT6, STM32U535CCT6Q, STM32U535CCU6, STM32U535CCU6Q, STM32U535CET6, STM32U535CET6Q, STM32U535CEU6, STM32U535CEU6Q, STM32U535JEY6QTR, STM32U535NCY6QTR, STM32U535NEY6QTR, STM32U535RBI6, STM32U535RBI6Q, STM32U535RBT6, STM32U535RBT6Q, STM32U535RCI6, STM32U535RCI6Q, STM32U535RCT6, STM32U535RCT6Q, STM32U535REI6, STM32U535REI6Q, STM32U535RET6, STM32U535RET6Q, STM32U535VCI6, STM32U535VCI6Q, STM32U535VCT6, STM32U535VCT6Q, STM32U535VEI6, STM32U535VEI6Q, STM32U535VET6, STM32U535VET6Q, STM32U545CET6, STM32U545CET6Q, STM32U545CEU6, STM32U545CEU6Q, STM32U545JEY6QTR, STM32U545NEY6QTR, STM32U545REI6, STM32U545REI6Q, STM32U545RET6, STM32U545RET6Q, STM32U545VEI6, STM32U545VEI6Q, STM32U545VET6, STM32U545VET6Q, STM32U595AIH6, STM32U595AIH6Q, STM32U595AJH6, STM32U595AJH6Q, STM32U595QII6, STM32U595QII6Q, STM32U595QJI6, STM32U595QJI6Q, STM32U595RIT6, STM32U595RIT6Q, STM32U595RJT6, STM32U595RJT6Q, STM32U595VIT6, STM32U595VIT6Q, STM32U595VJT6, STM32U595VJT6Q, STM32U595ZIT6, STM32U595ZIT6Q, STM32U595ZIY6QTR, STM32U595ZJT6, STM32U595ZJT6Q, STM32U595ZJY6QTR, STM32U599BJY6QTR, STM32U599NIH6Q, STM32U599NJH6Q, STM32U599VIT6Q, STM32U599VJT6, STM32U599VJT6Q, STM32U599ZIT6Q, STM32U599ZIY6QTR, STM32U599ZJT6Q, STM32U599ZJY6QTR, STM32U5A5AJH6, STM32U5A5AJH6Q, STM32U5A5QJI6, STM32U5A5QJI6Q, STM32U5A5RJT6, STM32U5A5RJT6Q, STM32U5A5VJT6, STM32U5A5VJT6Q, STM32U5A5ZJT6, STM32U5A5ZJT6Q, STM32U5A5ZJY6QTR, STM32U5A9BJY6QTR, STM32U5A9J-DK, STM32U5A9NJH6Q, STM32U5A9VJT6Q, STM32U5A9ZJT6Q, STM32U5A9ZJY6QTR, STM32U5F7VIT6, STM32U5F7VIT6Q, STM32U5F7VJT6, STM32U5F7VJT6Q, STM32U5F9BJY6QTR, STM32U5F9NJH6Q, STM32U5F9VIT6Q, STM32U5F9VJT6Q, STM32U5F9ZIJ6QTR, STM32U5F9ZIT6Q, STM32U5F9ZJJ6QTR, STM32U5F9ZJT6Q, STM32U5G7VJT6, STM32U5G7VJT6Q, STM32U5G9BJY6QTR, STM32U5G9J-DK1, STM32U5G9J-DK2, STM32U5G9NJH6Q, STM32U5G9VJT6Q, STM32U5G9ZJJ6QTR, STM32U5G9ZJT6Q, STM32WB1MMCH6, STM32WBA50KEU6, STM32WBA50KEU6TR, STM32WBA50KGU6, STM32WBA50KGU6TR, STM32WBA52CEU6, STM32WBA52CEU6TR, STM32WBA52CEU7, STM32WBA52CEU7TR, STM32WBA52CGU6, STM32WBA52CGU6TR, STM32WBA52CGU6U, STM32WBA52CGU7, STM32WBA52CGU7TR, STM32WBA52KEU6, STM32WBA52KEU6TR, STM32WBA52KGU6, STM32WBA52KGU6TR, STM32WBA54CEU6, STM32WBA54CEU6TR, STM32WBA54CEU7, STM32WBA54CEU7TR, STM32WBA54CGU6, STM32WBA54CGU6TR, STM32WBA54CGU7, STM32WBA54CGU7TR, STM32WBA54KEU6, STM32WBA54KEU6TR, STM32WBA54KEU7, STM32WBA54KEU7TR, STM32WBA54KGU6, STM32WBA54KGU6TR, STM32WBA54KGU7, STM32WBA54KGU7TR, STM32WBA55CEU6, STM32WBA55CEU6TR, STM32WBA55CEU7, STM32WBA55CEU7TR, STM32WBA55CGU6, STM32WBA55CGU6TR, STM32WBA55CGU6U, STM32WBA55CGU7, STM32WBA55CGU7TR, STM32WBA55G-DK1, STM32WBA55HEF6, STM32WBA55HEF7, STM32WBA55HGF6, STM32WBA55HGF7, STM32WBA55UEI6, STM32WBA55UEI6TR, STM32WBA55UEI7, STM32WBA55UEI7TR, STM32WBA55UGI6, STM32WBA55UGI6TR, STM32WBA55UGI7, STM32WBA55UGI7TR, STM32WL5MOCH6, STM32WL5MOCH6TR]
2024-02-10 13:54:54,577 [INFO] DbMcus:218 - Found 3930 MCUs, 3930 are supported
2024-02-10 13:54:54,577 [INFO] ApiDb:423 - Load user favorites file /home/mario/.stm32cubeide/favorites.mcus.txt: 0 item(s)
2024-02-10 13:54:54,578 [INFO] ApiDb:427 - User favorites MCUs=[]
2024-02-10 13:54:54,578 [INFO] DbMcus:224 - Set 0 / 0 favorites MCUs
2024-02-10 13:54:54,705 [INFO] ApiDb:668 - CubeFinder database Data Model version=2.1
2024-02-10 13:54:54,705 [INFO] ApiDb:669 - CubeFinder database Configuration version=3.0.39
2024-02-10 13:54:54,705 [INFO] ApiDb:670 - CubeFinder database generation date=2024-01-11 (1704964531)
2024-02-10 13:54:54,705 [INFO] ApiDb:671 - CubeFinder database FW Pack versions=[FP-ATR-ASTRA1_V2.0.0, FP-SNS-FLIGHT1_V5.0.1, FP-SNS-FLIGHT1_V5.0.2, FP-SNS-MOTENV1_V4.3.1, FP-SNS-MOTENV1_V4.3.2, FP-SNS-MOTENVWB1_V1.3.1, FP-SNS-SMARTAG2_V1.2.0, STM32Cube_FW_C0_V1.1.0, STM32Cube_FW_F4_V1.28.0, STM32Cube_FW_F7_V1.17.0, STM32Cube_FW_G0_V1.6.2, STM32Cube_FW_G4_V1.5.2, STM32Cube_FW_H5_V0.5.1, STM32Cube_FW_H5_V1.1.1, STM32Cube_FW_H5_V1.2.0RC2, STM32Cube_FW_H7_V1.11.0, STM32Cube_FW_L0_V1.12.2, STM32Cube_FW_L5_V1.5.0, STM32Cube_FW_U5_V1.3.0RC4, STM32Cube_FW_U5_V1.4.0, STM32Cube_FW_WBA_V1.0.0RC1, STM32Cube_FW_WBA_V1.1.0RC1, STM32Cube_FW_WBA_V1.2.0, STM32Cube_FW_WBA_V1.2.0RC2, STM32Cube_FW_WB_V1.15.0RC1, STM32Cube_FW_WB_V1.16.0, STM32Cube_FW_WB_V1.16.0RC2, STM32Cube_FW_WB_V1.18.0, STM32Cube_FW_WL_V1.3.0, X-CUBE-ALGOBUILD_V1.3.0, X-CUBE-ALS_V1.0.1, X-CUBE-AZRTOS-F4_V1.1.0, X-CUBE-AZRTOS-F7_V1.1.0, X-CUBE-AZRTOS-G0_V1.1.0, X-CUBE-AZRTOS-G4_V2.0.0, X-CUBE-AZRTOS-H7_V3.2.0, X-CUBE-AZRTOS-L4_V1.0.0, X-CUBE-AZRTOS-L4_V2.0.0, X-CUBE-AZRTOS-L5_V1.1.0, X-CUBE-AZRTOS-WB_V2.0.0, X-CUBE-AZRTOS-WL_V2.0.0, X-CUBE-BLE1_V7.0.0, X-CUBE-BLE2_V3.3.0, X-CUBE-BLEMGR_V3.0.0, X-CUBE-EEPRMA1_V4.1.0, X-CUBE-EEPRMA1_V4.2.0, X-CUBE-FREERTOS_V1.1.0, X-CUBE-GNSS1_V6.0.0, X-CUBE-MEMS1_V10.0.0, X-CUBE-MEMS1_V9.1.0, X-CUBE-MEMS1_V9.4.0, X-CUBE-MEMS1_V9.6.0, X-CUBE-NFC4_V3.0.0, X-CUBE-NFC7_V1.0.1, X-CUBE-SFXS2LP1_V4.0.0, X-CUBE-SUBG2_V5.0.0, X-CUBE-TOF1_V3.4.0]
2024-02-10 13:54:54,733 [INFO] DbBoardsSqlite:226 - include board P-NUCLEO-WB55-NUCLEO as a kit item of type 'Nucleo-64'
2024-02-10 13:54:54,733 [INFO] DbBoardsSqlite:226 - include board P-NUCLEO-WB55-USBDONGLE as a kit item of type 'Nucleo USB Dongle'
2024-02-10 13:54:54,733 [INFO] DbBoardsSqlite:226 - include board STEVAL-IDP005V1 as a kit item of type 'Evaluation Board'
2024-02-10 13:54:54,733 [INFO] DbBoardsSqlite:226 - include board STEVAL-IDP005V2 as a kit item of type 'Evaluation Board'
2024-02-10 13:54:54,750 [INFO] ApiDb:240 - Found 371 in-development CPN: [B-G473E-ZEST1S, B-WB1M-WPAN1, B-WL5M-SUBG1, NUCLEO-C031C6, NUCLEO-H503RB, NUCLEO-H563ZI, NUCLEO-U545RE-Q, NUCLEO-U5A5ZJ-Q, NUCLEO-WBA52CG, NUCLEO-WBA55CG, STEVAL-MKBOXPRO, STEVAL-PROTEUS1, STEVAL-STWINBX1, STM320518-EVAL, STM32C0116-DK, STM32C011D6Y3TR, STM32C011D6Y6TR, STM32C011F4P3, STM32C011F4P6, STM32C011F4U3, STM32C011F4U6TR, STM32C011F6P3, STM32C011F6P6, STM32C011F6U3, STM32C011F6U6TR, STM32C011J4M3, STM32C011J4M6, STM32C011J6M3, STM32C011J6M6, STM32C0316-DK, STM32C031C4T3, STM32C031C4T6, STM32C031C4U3, STM32C031C4U6, STM32C031C6T3, STM32C031C6T6, STM32C031C6U3, STM32C031C6U6, STM32C031F4P3, STM32C031F4P6, STM32C031F6P3, STM32C031F6P6, STM32C031G4U3, STM32C031G4U6, STM32C031G6U3, STM32C031G6U6, STM32C031K4T3, STM32C031K4T6, STM32C031K4U3, STM32C031K4U6, STM32C031K6T3, STM32C031K6T6, STM32C031K6U3, STM32C031K6U6, STM32G071K8TXN, STM32G071K8UXN, STM32G081GBU6N, STM32G081KBT6N, STM32G081KBUXN, STM32G0B1CCT6N, STM32G0B1KCT6, STM32G0B1NEY6TR, STM32G0B1RCT6N, STM32G0C1CCT6, STM32G0C1CCT6N, STM32G0C1CCU6N, STM32G0C1CET6N, STM32G0C1CEU6N, STM32G0C1KCT6, STM32G0C1NEY6TR, STM32G0C1RCI6N, STM32G0C1RCT6N, STM32G0C1REI6N, STM32G0C1RET6N, STM32G0C1VCI6, STM32G0C1VEI6, STM32G471CCT6, STM32G471CCU6, STM32G471CET3, STM32G471CET6, STM32G471CEU3, STM32G471CEU6, STM32G471MCT6, STM32G471MET3, STM32G471MET6, STM32G471MEY6TR, STM32G471QCT6, STM32G471QET3, STM32G471RCT6, STM32G471RET3, STM32G471RET6, STM32G471VCH6, STM32G471VCI6, STM32G471VCT6, STM32G471VEH3, STM32G471VEH6, STM32G471VEI3, STM32G471VEI6, STM32G471VET3, STM32G471VET6, STM32G474CCT6, STM32H503CBT6, STM32H503CBU6, STM32H503EBY6TR, STM32H503KBU6, STM32H503RBT6, STM32H562AGI6, STM32H562AII6, STM32H562IGK6, STM32H562IGT6, STM32H562IIK6, STM32H562IIT6, STM32H562RGT6, STM32H562RGV6, STM32H562RIT6, STM32H562RIV6, STM32H562VGT6, STM32H562VIT6, STM32H562ZGT6, STM32H562ZIT6, STM32H563AGI6, STM32H563AII3Q, STM32H563AII6, STM32H563IGK6, STM32H563IGT6, STM32H563IIK3Q, STM32H563IIK6, STM32H563IIT3Q, STM32H563IIT6, STM32H563MIY3QTR, STM32H563RGT6, STM32H563RGV6, STM32H563RIT6, STM32H563RIV6, STM32H563VGT6, STM32H563VIT3Q, STM32H563VIT6, STM32H563ZGT6, STM32H563ZIT3Q, STM32H563ZIT6, STM32H573AII3Q, STM32H573AII6, STM32H573I-DK, STM32H573IIK3Q, STM32H573IIK6, STM32H573IIT3Q, STM32H573IIT6, STM32H573MIY3QTR, STM32H573RIT6, STM32H573RIV6, STM32H573VIT3Q, STM32H573VIT6, STM32H573ZIT3Q, STM32H573ZIT6, STM32L4R5QGI6STR, STM32MP131AAE3, STM32MP131AAF3, STM32MP131AAG3, STM32MP131CAE3, STM32MP131CAF3, STM32MP131CAG3, STM32MP131DAE7, STM32MP131DAF7, STM32MP131DAG7, STM32MP131FAE7, STM32MP131FAF7, STM32MP131FAG7, STM32MP133AAE3, STM32MP133AAF3, STM32MP133AAG3, STM32MP133CAE3, STM32MP133CAF3, STM32MP133CAG3, STM32MP133DAE7, STM32MP133DAF7, STM32MP133DAG7, STM32MP133FAE7, STM32MP133FAF7, STM32MP133FAG7, STM32MP135AAE3, STM32MP135AAF3, STM32MP135AAG3, STM32MP135CAE3, STM32MP135CAF3, STM32MP135CAG3, STM32MP135DAE7, STM32MP135DAF7, STM32MP135DAG7, STM32MP135F-DK, STM32MP135FAE7, STM32MP135FAF7, STM32MP135FAF7T, STM32MP135FAF7U, STM32MP135FAG7, STM32U535CBT6, STM32U535CBT6Q, STM32U535CBU6, STM32U535CBU6Q, STM32U535CCT6, STM32U535CCT6Q, STM32U535CCU6, STM32U535CCU6Q, STM32U535CET6, STM32U535CET6Q, STM32U535CEU6, STM32U535CEU6Q, STM32U535JEY6QTR, STM32U535NCY6QTR, STM32U535NEY6QTR, STM32U535RBI6, STM32U535RBI6Q, STM32U535RBT6, STM32U535RBT6Q, STM32U535RCI6, STM32U535RCI6Q, STM32U535RCT6, STM32U535RCT6Q, STM32U535REI6, STM32U535REI6Q, STM32U535RET6, STM32U535RET6Q, STM32U535VCI6, STM32U535VCI6Q, STM32U535VCT6, STM32U535VCT6Q, STM32U535VEI6, STM32U535VEI6Q, STM32U535VET6, STM32U535VET6Q, STM32U545CET6, STM32U545CET6Q, STM32U545CEU6, STM32U545CEU6Q, STM32U545JEY6QTR, STM32U545NEY6QTR, STM32U545REI6, STM32U545REI6Q, STM32U545RET6, STM32U545RET6Q, STM32U545VEI6, STM32U545VEI6Q, STM32U545VET6, STM32U545VET6Q, STM32U595AIH6, STM32U595AIH6Q, STM32U595AJH6, STM32U595AJH6Q, STM32U595QII6, STM32U595QII6Q, STM32U595QJI6, STM32U595QJI6Q, STM32U595RIT6, STM32U595RIT6Q, STM32U595RJT6, STM32U595RJT6Q, STM32U595VIT6, STM32U595VIT6Q, STM32U595VJT6, STM32U595VJT6Q, STM32U595ZIT6, STM32U595ZIT6Q, STM32U595ZIY6QTR, STM32U595ZJT6, STM32U595ZJT6Q, STM32U595ZJY6QTR, STM32U599BJY6QTR, STM32U599NIH6Q, STM32U599NJH6Q, STM32U599VIT6Q, STM32U599VJT6, STM32U599VJT6Q, STM32U599ZIT6Q, STM32U599ZIY6QTR, STM32U599ZJT6Q, STM32U599ZJY6QTR, STM32U5A5AJH6, STM32U5A5AJH6Q, STM32U5A5QJI6, STM32U5A5QJI6Q, STM32U5A5RJT6, STM32U5A5RJT6Q, STM32U5A5VJT6, STM32U5A5VJT6Q, STM32U5A5ZJT6, STM32U5A5ZJT6Q, STM32U5A5ZJY6QTR, STM32U5A9BJY6QTR, STM32U5A9J-DK, STM32U5A9NJH6Q, STM32U5A9VJT6Q, STM32U5A9ZJT6Q, STM32U5A9ZJY6QTR, STM32U5F7VIT6, STM32U5F7VIT6Q, STM32U5F7VJT6, STM32U5F7VJT6Q, STM32U5F9BJY6QTR, STM32U5F9NJH6Q, STM32U5F9VIT6Q, STM32U5F9VJT6Q, STM32U5F9ZIJ6QTR, STM32U5F9ZIT6Q, STM32U5F9ZJJ6QTR, STM32U5F9ZJT6Q, STM32U5G7VJT6, STM32U5G7VJT6Q, STM32U5G9BJY6QTR, STM32U5G9J-DK1, STM32U5G9J-DK2, STM32U5G9NJH6Q, STM32U5G9VJT6Q, STM32U5G9ZJJ6QTR, STM32U5G9ZJT6Q, STM32WB1MMCH6, STM32WBA50KEU6, STM32WBA50KEU6TR, STM32WBA50KGU6, STM32WBA50KGU6TR, STM32WBA52CEU6, STM32WBA52CEU6TR, STM32WBA52CEU7, STM32WBA52CEU7TR, STM32WBA52CGU6, STM32WBA52CGU6TR, STM32WBA52CGU6U, STM32WBA52CGU7, STM32WBA52CGU7TR, STM32WBA52KEU6, STM32WBA52KEU6TR, STM32WBA52KGU6, STM32WBA52KGU6TR, STM32WBA54CEU6, STM32WBA54CEU6TR, STM32WBA54CEU7, STM32WBA54CEU7TR, STM32WBA54CGU6, STM32WBA54CGU6TR, STM32WBA54CGU7, STM32WBA54CGU7TR, STM32WBA54KEU6, STM32WBA54KEU6TR, STM32WBA54KEU7, STM32WBA54KEU7TR, STM32WBA54KGU6, STM32WBA54KGU6TR, STM32WBA54KGU7, STM32WBA54KGU7TR, STM32WBA55CEU6, STM32WBA55CEU6TR, STM32WBA55CEU7, STM32WBA55CEU7TR, STM32WBA55CGU6, STM32WBA55CGU6TR, STM32WBA55CGU6U, STM32WBA55CGU7, STM32WBA55CGU7TR, STM32WBA55G-DK1, STM32WBA55HEF6, STM32WBA55HEF7, STM32WBA55HGF6, STM32WBA55HGF7, STM32WBA55UEI6, STM32WBA55UEI6TR, STM32WBA55UEI7, STM32WBA55UEI7TR, STM32WBA55UGI6, STM32WBA55UGI6TR, STM32WBA55UGI7, STM32WBA55UGI7TR, STM32WL5MOCH6, STM32WL5MOCH6TR]
2024-02-10 13:54:54,797 [INFO] BoardInfo:889 - No configuration file found for board P-NUCLEO-WB55
2024-02-10 13:54:54,798 [INFO] DbBoards:161 - Kit is not supported: P-NUCLEO-WB55
2024-02-10 13:54:54,800 [INFO] BoardInfo:889 - No configuration file found for board STEVAL-BFA001V1B
2024-02-10 13:54:54,800 [INFO] DbBoards:161 - Kit is not supported: STEVAL-BFA001V1B
2024-02-10 13:54:54,800 [INFO] BoardInfo:889 - No configuration file found for board STEVAL-BFA001V2B
2024-02-10 13:54:54,800 [INFO] DbBoards:161 - Kit is not supported: STEVAL-BFA001V2B
2024-02-10 13:54:54,853 [INFO] DbBoards:168 - Found 193 boards, 190 are supported
2024-02-10 13:54:54,853 [INFO] DbBoards:169 - Found 193 boards, 3 of them is supported for  Bsp
2024-02-10 13:54:54,854 [INFO] ApiDb:423 - Load user favorites file /home/mario/.stm32cubeide/favorites.boards.txt: 0 item(s)
2024-02-10 13:54:54,854 [INFO] ApiDb:427 - User favorites Boards=[]
2024-02-10 13:54:54,855 [INFO] DbBoards:198 - Set 0 / 0 favorites Boards
2024-02-10 13:54:54,856 [INFO] ApiDb:668 - CubeFinder database Data Model version=2.1
2024-02-10 13:54:54,856 [INFO] ApiDb:669 - CubeFinder database Configuration version=3.0.39
2024-02-10 13:54:54,856 [INFO] ApiDb:670 - CubeFinder database generation date=2024-01-11 (1704964531)
2024-02-10 13:54:54,856 [INFO] ApiDb:671 - CubeFinder database FW Pack versions=[FP-ATR-ASTRA1_V2.0.0, FP-SNS-FLIGHT1_V5.0.1, FP-SNS-FLIGHT1_V5.0.2, FP-SNS-MOTENV1_V4.3.1, FP-SNS-MOTENV1_V4.3.2, FP-SNS-MOTENVWB1_V1.3.1, FP-SNS-SMARTAG2_V1.2.0, STM32Cube_FW_C0_V1.1.0, STM32Cube_FW_F4_V1.28.0, STM32Cube_FW_F7_V1.17.0, STM32Cube_FW_G0_V1.6.2, STM32Cube_FW_G4_V1.5.2, STM32Cube_FW_H5_V0.5.1, STM32Cube_FW_H5_V1.1.1, STM32Cube_FW_H5_V1.2.0RC2, STM32Cube_FW_H7_V1.11.0, STM32Cube_FW_L0_V1.12.2, STM32Cube_FW_L5_V1.5.0, STM32Cube_FW_U5_V1.3.0RC4, STM32Cube_FW_U5_V1.4.0, STM32Cube_FW_WBA_V1.0.0RC1, STM32Cube_FW_WBA_V1.1.0RC1, STM32Cube_FW_WBA_V1.2.0, STM32Cube_FW_WBA_V1.2.0RC2, STM32Cube_FW_WB_V1.15.0RC1, STM32Cube_FW_WB_V1.16.0, STM32Cube_FW_WB_V1.16.0RC2, STM32Cube_FW_WB_V1.18.0, STM32Cube_FW_WL_V1.3.0, X-CUBE-ALGOBUILD_V1.3.0, X-CUBE-ALS_V1.0.1, X-CUBE-AZRTOS-F4_V1.1.0, X-CUBE-AZRTOS-F7_V1.1.0, X-CUBE-AZRTOS-G0_V1.1.0, X-CUBE-AZRTOS-G4_V2.0.0, X-CUBE-AZRTOS-H7_V3.2.0, X-CUBE-AZRTOS-L4_V1.0.0, X-CUBE-AZRTOS-L4_V2.0.0, X-CUBE-AZRTOS-L5_V1.1.0, X-CUBE-AZRTOS-WB_V2.0.0, X-CUBE-AZRTOS-WL_V2.0.0, X-CUBE-BLE1_V7.0.0, X-CUBE-BLE2_V3.3.0, X-CUBE-BLEMGR_V3.0.0, X-CUBE-EEPRMA1_V4.1.0, X-CUBE-EEPRMA1_V4.2.0, X-CUBE-FREERTOS_V1.1.0, X-CUBE-GNSS1_V6.0.0, X-CUBE-MEMS1_V10.0.0, X-CUBE-MEMS1_V9.1.0, X-CUBE-MEMS1_V9.4.0, X-CUBE-MEMS1_V9.6.0, X-CUBE-NFC4_V3.0.0, X-CUBE-NFC7_V1.0.1, X-CUBE-SFXS2LP1_V4.0.0, X-CUBE-SUBG2_V5.0.0, X-CUBE-TOF1_V3.4.0]
2024-02-10 13:54:55,309 [ERROR] DbExamplesSqlite:437 - Missing JSON key: board_cpn
2024-02-10 13:54:55,309 [ERROR] DbExamplesSqlite:437 - Missing JSON key: board_cpn
2024-02-10 13:54:55,309 [ERROR] DbExamplesSqlite:437 - Missing JSON key: board_cpn
2024-02-10 13:54:55,310 [ERROR] DbExamplesSqlite:437 - Missing JSON key: board_cpn
2024-02-10 13:54:55,342 [INFO] DbExamplesSqlite:395 - Ignored 55 examples not supported by CubeIDE
2024-02-10 13:54:55,342 [INFO] DbExamplesSqlite:396 - Found 7560 examples active
2024-02-10 13:54:55,342 [INFO] DbExamplesSqlite:397 - Found 844 examples obsolete
2024-02-10 13:54:55,342 [INFO] DbExamplesSqlite:398 - Found 0 examples under development
2024-02-10 13:54:55,342 [INFO] DbExamplesSqlite:399 - Found 8 examples not building
2024-02-10 13:54:55,343 [INFO] DbExamples:125 - Found 7513 examples
2024-02-10 13:54:55,350 [INFO] DbExamples:222 - Found 95 boards with related examples
2024-02-10 13:54:55,351 [INFO] DbExamples:235 - Found 80 MCUs with related examples
2024-02-10 13:54:55,360 [INFO] ApiDb:423 - Load user favorites file /home/mario/.stm32cubeide/favorites.examples.txt: 0 item(s)
2024-02-10 13:54:55,360 [INFO] ApiDb:427 - User favorites Examples=[]
2024-02-10 13:54:55,360 [INFO] DbExamples:250 - Set 0 / 0 favorites Examples
2024-02-10 13:54:55,450 [INFO] McuFinderGlobals:76 - Set McuFinderConnectedMode to true
2024-02-10 13:54:55,456 [INFO] MultiScanPanel:200 - Auto-refresh data requested => check proxy status ongoing
2024-02-10 13:54:55,458 [INFO] FinderPluginLoader:95 - Searching for filters in installed packs
2024-02-10 13:54:56,324 [INFO] LoadUrlFilesThread:185 - End of LoadServerUrlFiles without Thread
2024-02-10 13:54:56,346 [INFO] DetailPanel:341 - Set advertising image to /home/mario/STM32Cube/Repository//en.prom-stm32wl3-mcu-finder.jpg
2024-02-10 13:58:03,483 [INFO] MainUpdater:2873 - connection check result : 10
2024-02-10 13:58:03,483 [INFO] MainUpdater:2873 - connection check result : 10
2024-02-10 13:58:03,495 [INFO] MicroXplorer:468 - Change Database Path : 
2024-02-10 13:58:03,495 [INFO] MicroXplorer:498 - Change Database Version : DB.6.0.100
2024-02-10 13:58:03,499 [WARN] ThirdParty:871 - waiting for thirdparty lock release [close project]
2024-02-10 13:58:03,499 [INFO] ThirdParty:873 - entering critical section [close project]
2024-02-10 13:58:03,500 [INFO] ThirdParty:883 - exiting critical section [close project]
2024-02-10 13:58:03,501 [INFO] PinOutPanel:1499 - setPackage(No Configuration,No Configuration)
2024-02-10 13:58:03,505 [INFO] UtilMem:75 - Begin LoadConfig() Used Memory: 283277032 Bytes (953155584)
2024-02-10 13:58:17,796 [INFO] MicroXplorer:468 - Change Database Path : 
2024-02-10 13:58:17,796 [INFO] MicroXplorer:498 - Change Database Version : DB.6.0.100
2024-02-10 13:58:17,796 [INFO] OpenFileManager:312 - Change cursor
2024-02-10 13:58:17,863 [INFO] Mcu:2016 - Initializing MCU STM32F779IITx STM32F779IITx STM32F779IIT6
2024-02-10 13:58:19,033 [INFO] Context:659 - Trying to add GPIOservice into a context  which must be forbidden
2024-02-10 13:58:19,457 [INFO] RtosManager:555 - Registered RTOS mode: class=CMSIS, group=RTOS, mode=CMSIS_V1, owner=FREERTOS
2024-02-10 13:58:19,457 [INFO] RtosManager:555 - Registered RTOS mode: class=CMSIS, group=RTOS2, mode=CMSIS_V2, owner=FREERTOS
2024-02-10 13:58:19,457 [INFO] RtosManager:555 - Registered RTOS mode: class=RTOS, group=Core, mode=CMSIS_V1, owner=FREERTOS
2024-02-10 13:58:19,457 [INFO] RtosManager:555 - Registered RTOS mode: class=RTOS, group=Core, mode=CMSIS_V2, owner=FREERTOS
2024-02-10 13:58:19,457 [WARN] ModelIntegratedComponent:184 - Missing modes for component STMicroelectronics:FreeRTOS:0.0.1:STMicroelectronics:RTOS:FreeRTOS:Core:::10.2.0:
2024-02-10 13:58:19,465 [WARN] ModelIntegratedComponent:63 - No mode defined for component null
2024-02-10 13:58:19,465 [WARN] ModelIntegratedComponent:63 - No mode defined for component null
2024-02-10 13:58:19,465 [WARN] ModelIntegratedComponent:63 - No mode defined for component null
2024-02-10 13:58:19,465 [WARN] ModelIntegratedComponent:63 - No mode defined for component null
2024-02-10 13:58:19,465 [WARN] ModelIntegratedComponent:63 - No mode defined for component null
2024-02-10 13:58:19,465 [WARN] ModelIntegratedComponent:63 - No mode defined for component null
2024-02-10 13:58:19,465 [WARN] ModelIntegratedComponent:63 - No mode defined for component null
2024-02-10 13:58:19,465 [WARN] ModelIntegratedComponent:63 - No mode defined for component null
2024-02-10 13:58:19,465 [WARN] ModelIntegratedComponent:63 - No mode defined for component null
2024-02-10 13:58:19,465 [WARN] ModelIntegratedComponent:63 - No mode defined for component null
2024-02-10 13:58:19,465 [WARN] ModelIntegratedComponent:63 - No mode defined for component null
2024-02-10 13:58:19,465 [WARN] ModelIntegratedComponent:63 - No mode defined for component null
2024-02-10 13:58:19,465 [WARN] ModelIntegratedComponent:63 - No mode defined for component null
2024-02-10 13:58:19,465 [WARN] ModelIntegratedComponent:63 - No mode defined for component null
2024-02-10 13:58:19,465 [WARN] ModelIntegratedComponent:63 - No mode defined for component null
2024-02-10 13:58:19,466 [WARN] ModelIntegratedComponent:63 - No mode defined for component null
2024-02-10 13:58:19,466 [WARN] ModelIntegratedComponent:63 - No mode defined for component null
2024-02-10 13:58:19,466 [WARN] ModelIntegratedComponent:63 - No mode defined for component null
2024-02-10 13:58:19,466 [WARN] ModelIntegratedComponent:63 - No mode defined for component null
2024-02-10 13:58:19,466 [WARN] ModelIntegratedComponent:63 - No mode defined for component null
2024-02-10 13:58:19,466 [WARN] ModelIntegratedComponent:63 - No mode defined for component null
2024-02-10 13:58:19,466 [WARN] ModelIntegratedComponent:63 - No mode defined for component null
2024-02-10 13:58:19,466 [WARN] ModelIntegratedComponent:63 - No mode defined for component null
2024-02-10 13:58:19,466 [WARN] ModelIntegratedComponent:63 - No mode defined for component null
2024-02-10 13:58:19,466 [WARN] ModelIntegratedComponent:63 - No mode defined for component null
2024-02-10 13:58:19,466 [WARN] ModelIntegratedComponent:63 - No mode defined for component null
2024-02-10 13:58:19,466 [WARN] ModelIntegratedComponent:63 - No mode defined for component null
2024-02-10 13:58:19,466 [WARN] ModelIntegratedComponent:63 - No mode defined for component null
2024-02-10 13:58:19,466 [WARN] ModelIntegratedComponent:63 - No mode defined for component null
2024-02-10 13:58:19,466 [WARN] ModelIntegratedComponent:63 - No mode defined for component null
2024-02-10 13:58:19,466 [WARN] ModelIntegratedComponent:63 - No mode defined for component null
2024-02-10 13:58:19,466 [WARN] ModelIntegratedComponent:63 - No mode defined for component null
2024-02-10 13:58:19,466 [WARN] ModelIntegratedComponent:63 - No mode defined for component null
2024-02-10 13:58:19,531 [INFO] ThirdPartyModel:298 - Start build external matchings
2024-02-10 13:58:19,689 [INFO] ThirdPartyModel:316 - End build external matchings
2024-02-10 13:58:19,907 [INFO] UtilMem:75 - End LoadConfig() Used Memory: 509830112 Bytes (953155584)
2024-02-10 13:58:20,019 [INFO] MicroXplorer:468 - Change Database Path : 
2024-02-10 13:58:20,019 [INFO] MicroXplorer:498 - Change Database Version : DB.6.0.100
2024-02-10 13:58:20,019 [WARN] ThirdParty:833 - waiting for thirdparty lock release [change project]
2024-02-10 13:58:20,019 [INFO] ThirdParty:835 - entering critical section [change project]
2024-02-10 13:58:20,019 [INFO] ThirdParty:1030 - CMSIS Pack Vendor :STMicroelectronics USBPD 4.1
2024-02-10 13:58:20,019 [INFO] ThirdParty:1030 - CMSIS Pack Vendor :STMicroelectronics X-CUBE-GNSS1 6.0.0
2024-02-10 13:58:20,019 [INFO] ThirdParty:1030 - CMSIS Pack Vendor :STMicroelectronics USB_HOST 2.0.0
2024-02-10 13:58:20,019 [INFO] ThirdParty:1030 - CMSIS Pack Vendor :STMicroelectronics X-CUBE-AZRTOS-F4 1.1.0
2024-02-10 13:58:20,019 [INFO] ThirdParty:1030 - CMSIS Pack Vendor :STMicroelectronics LIBJPEG 8.0.0
2024-02-10 13:58:20,019 [INFO] ThirdParty:1030 - CMSIS Pack Vendor :STMicroelectronics X-CUBE-SMBUS 2.1.0
2024-02-10 13:58:20,020 [INFO] ThirdParty:1030 - CMSIS Pack Vendor :STMicroelectronics USB_DEVICE 3.0.0
2024-02-10 13:58:20,020 [INFO] ThirdParty:1030 - CMSIS Pack Vendor :STMicroelectronics X-CUBE-AZRTOS-WB 2.0.0
2024-02-10 13:58:20,020 [INFO] ThirdParty:1030 - CMSIS Pack Vendor :wolfSSL I-CUBE-wolfSSL 5.6.6
2024-02-10 13:58:20,020 [INFO] ThirdParty:1030 - CMSIS Pack Vendor :STMicroelectronics X-CUBE-TOUCHGFX 4.23.0
2024-02-10 13:58:20,020 [INFO] ThirdParty:1030 - CMSIS Pack Vendor :STMicroelectronics X-CUBE-AZRTOS-F7 1.1.0
2024-02-10 13:58:20,020 [INFO] ThirdParty:1030 - CMSIS Pack Vendor :STMicroelectronics X-CUBE-AZRTOS-L5 2.0.0
2024-02-10 13:58:20,020 [INFO] ThirdParty:1030 - CMSIS Pack Vendor :STMicroelectronics USB_DEVICE 2.0.0
2024-02-10 13:58:20,020 [INFO] ThirdParty:1030 - CMSIS Pack Vendor :ITTIA_DB I-CUBE-ITTIADB 8.8.0
2024-02-10 13:58:20,020 [INFO] ThirdParty:1030 - CMSIS Pack Vendor :STMicroelectronics FP-SNS-MOTENV1 4.3.2
2024-02-10 13:58:20,020 [INFO] ThirdParty:1030 - CMSIS Pack Vendor :STMicroelectronics X-CUBE-ALGOBUILD 1.3.0
2024-02-10 13:58:20,020 [INFO] ThirdParty:1030 - CMSIS Pack Vendor :STMicroelectronics FreeRTOS 0.0.1
2024-02-10 13:58:20,020 [INFO] ThirdParty:1030 - CMSIS Pack Vendor :STMicroelectronics X-CUBE-AZRTOS-G0 1.1.0
2024-02-10 13:58:20,020 [INFO] ThirdParty:1030 - CMSIS Pack Vendor :STMicroelectronics X-CUBE-NFC4 3.0.0
2024-02-10 13:58:20,020 [INFO] ThirdParty:1030 - CMSIS Pack Vendor :STMicroelectronics X-CUBE-SUBG2 5.0.0
2024-02-10 13:58:20,020 [INFO] ThirdParty:1030 - CMSIS Pack Vendor :STMicroelectronics STM32_WPAN 1.0.0
2024-02-10 13:58:20,020 [INFO] ThirdParty:1030 - CMSIS Pack Vendor :STMicroelectronics lwIP 2.0.3
2024-02-10 13:58:20,020 [INFO] ThirdParty:1030 - CMSIS Pack Vendor :STMicroelectronics FP-SNS-FLIGHT1 5.0.2
2024-02-10 13:58:20,020 [INFO] ThirdParty:1030 - CMSIS Pack Vendor :STMicroelectronics USB_HOST 1.0.0
2024-02-10 13:58:20,020 [INFO] ThirdParty:1030 - CMSIS Pack Vendor :STMicroelectronics X-CUBE-AZRTOS-G4 2.0.0
2024-02-10 13:58:20,020 [INFO] ThirdParty:1030 - CMSIS Pack Vendor :STMicroelectronics PDM2PCM 3.1.0
2024-02-10 13:58:20,020 [INFO] ThirdParty:1030 - CMSIS Pack Vendor :Infineon AIROC-Wi-Fi-Bluetooth-STM32 1.5.1
2024-02-10 13:58:20,020 [INFO] ThirdParty:1030 - CMSIS Pack Vendor :STMicroelectronics X-CUBE-BLEMGR 3.0.0
2024-02-10 13:58:20,020 [INFO] ThirdParty:1030 - CMSIS Pack Vendor :STMicroelectronics PDM2PCM 3.3.0
2024-02-10 13:58:20,020 [INFO] ThirdParty:1030 - CMSIS Pack Vendor :STMicroelectronics X-CUBE-DISPLAY 3.0.0
2024-02-10 13:58:20,020 [INFO] ThirdParty:1030 - CMSIS Pack Vendor :STMicroelectronics FP-SNS-MOTENVWB1 1.3.1
2024-02-10 13:58:20,020 [INFO] ThirdParty:1030 - CMSIS Pack Vendor :STMicroelectronics X-CUBE-BLE1 7.0.0
2024-02-10 13:58:20,020 [INFO] ThirdParty:1030 - CMSIS Pack Vendor :STMicroelectronics FP-ATR-SIGFOX1 3.2.0
2024-02-10 13:58:20,020 [INFO] ThirdParty:1030 - CMSIS Pack Vendor :STMicroelectronics X-CUBE-ISPU 2.0.0
2024-02-10 13:58:20,020 [INFO] ThirdParty:1030 - CMSIS Pack Vendor :STMicroelectronics X-CUBE-EEPRMA1 5.1.0
2024-02-10 13:58:20,020 [INFO] ThirdParty:1030 - CMSIS Pack Vendor :STMicroelectronics HAL Drivers 0.0.0
2024-02-10 13:58:20,020 [INFO] ThirdParty:1030 - CMSIS Pack Vendor :STMicroelectronics MBEDTLS 2.16.2
2024-02-10 13:58:20,020 [INFO] ThirdParty:1030 - CMSIS Pack Vendor :emotas I-CUBE-CANOPEN 1.3.0
2024-02-10 13:58:20,020 [INFO] ThirdParty:1030 - CMSIS Pack Vendor :STMicroelectronics X-CUBE-MEMS1 10.0.0
2024-02-10 13:58:20,020 [INFO] ThirdParty:1030 - CMSIS Pack Vendor :STMicroelectronics X-CUBE-FREERTOS 1.1.0
2024-02-10 13:58:20,020 [INFO] ThirdParty:1030 - CMSIS Pack Vendor :STMicroelectronics X-CUBE-NFC7 1.0.1
2024-02-10 13:58:20,020 [INFO] ThirdParty:1030 - CMSIS Pack Vendor :STMicroelectronics MBEDTLS 2.14.1
2024-02-10 13:58:20,020 [INFO] ThirdParty:1030 - CMSIS Pack Vendor :STMicroelectronics X-CUBE-NFC6 3.0.0
2024-02-10 13:58:20,020 [INFO] ThirdParty:1030 - CMSIS Pack Vendor :portGmbH I-Cube-SoM-uGOAL 1.1.0
2024-02-10 13:58:20,020 [INFO] ThirdParty:1030 - CMSIS Pack Vendor :STMicroelectronics X-CUBE-ALS 1.0.1
2024-02-10 13:58:20,020 [INFO] ThirdParty:1030 - CMSIS Pack Vendor :STMicroelectronics ThreadX 1.0.0
2024-02-10 13:58:20,020 [INFO] ThirdParty:1030 - CMSIS Pack Vendor :STMicroelectronics FP-SNS-SMARTAG2 1.2.0
2024-02-10 13:58:20,020 [INFO] ThirdParty:1030 - CMSIS Pack Vendor :STMicroelectronics X-CUBE-AZRTOS-WL 2.0.0
2024-02-10 13:58:20,020 [INFO] ThirdParty:1030 - CMSIS Pack Vendor :SEGGER I-CUBE-embOS 1.3.1
2024-02-10 13:58:20,020 [INFO] ThirdParty:1030 - CMSIS Pack Vendor :STMicroelectronics USB_DEVICE 1.0.0
2024-02-10 13:58:20,020 [INFO] ThirdParty:1030 - CMSIS Pack Vendor :STMicroelectronics X-CUBE-AI 8.1.0
2024-02-10 13:58:20,020 [INFO] ThirdParty:1030 - CMSIS Pack Vendor :STMicroelectronics X-CUBE-AZRTOS-L4 2.0.0
2024-02-10 13:58:20,020 [INFO] ThirdParty:1030 - CMSIS Pack Vendor :STMicroelectronics ThreadX 0.0.2
2024-02-10 13:58:20,021 [INFO] ThirdParty:1030 - CMSIS Pack Vendor :WES I-CUBE-Cesium 1.3.0
2024-02-10 13:58:20,021 [INFO] ThirdParty:1030 - CMSIS Pack Vendor :STMicroelectronics FP-ATR-ASTRA1 2.0.0
2024-02-10 13:58:20,021 [INFO] ThirdParty:1030 - CMSIS Pack Vendor :STMicroelectronics lwIP 2.1.2
2024-02-10 13:58:20,021 [INFO] ThirdParty:1030 - CMSIS Pack Vendor :STMicroelectronics X-CUBE-SFXS2LP1 4.0.0
2024-02-10 13:58:20,021 [INFO] ThirdParty:1030 - CMSIS Pack Vendor :STMicroelectronics X-CUBE-BLE2 3.3.0
2024-02-10 13:58:20,021 [INFO] ThirdParty:1030 - CMSIS Pack Vendor :STMicroelectronics X-CUBE-TOF1 3.4.0
2024-02-10 13:58:20,021 [INFO] ThirdParty:1030 - CMSIS Pack Vendor :STMicroelectronics X-CUBE-AZRTOS-H7 3.2.0
2024-02-10 13:58:20,021 [INFO] ThirdParty:1030 - CMSIS Pack Vendor :STMicroelectronics PDM2PCM 3.2.0
2024-02-10 13:58:20,021 [INFO] ThirdParty:841 - exiting critical section [change project]
2024-02-10 13:58:20,251 [INFO] PinOutPanel:1499 - setPackage(No Configuration,No Configuration)
2024-02-10 13:58:20,251 [INFO] PinOutPanel:1499 - setPackage(STM32F779IITx,LQFP176)
2024-02-10 13:58:20,622 [INFO] UtilMem:75 - Before build in PCC Used Memory: 353870728 Bytes (953155584)
2024-02-10 13:58:20,912 [INFO] UtilMem:75 - After build in PCC Used Memory: 442393512 Bytes (953155584)
2024-02-10 13:58:20,932 [INFO] IPUIPlugin:80 - create IPUIPlugin
2024-02-10 13:58:20,932 [INFO] IPUIPlugin:80 - create IPUIPlugin
2024-02-10 13:58:20,932 [INFO] IPUIPlugin:80 - create IPUIPlugin
2024-02-10 13:58:20,932 [INFO] IPUIPlugin:80 - create IPUIPlugin
2024-02-10 13:58:20,932 [INFO] IPUIPlugin:80 - create IPUIPlugin
2024-02-10 13:58:20,932 [INFO] IPUIPlugin:80 - create IPUIPlugin
2024-02-10 13:58:20,932 [INFO] IPUIPlugin:80 - create IPUIPlugin
2024-02-10 13:58:20,932 [INFO] IPUIPlugin:80 - create IPUIPlugin
2024-02-10 13:58:20,933 [INFO] IPUIPlugin:80 - create IPUIPlugin
2024-02-10 13:58:20,933 [INFO] IPUIPlugin:80 - create IPUIPlugin
2024-02-10 13:58:20,933 [INFO] IPUIPlugin:80 - create IPUIPlugin
2024-02-10 13:58:20,933 [INFO] IPUIPlugin:80 - create IPUIPlugin
2024-02-10 13:58:20,933 [INFO] IPUIPlugin:80 - create IPUIPlugin
2024-02-10 13:58:20,933 [INFO] IPUIPlugin:80 - create IPUIPlugin
2024-02-10 13:58:20,933 [INFO] IPUIPlugin:80 - create IPUIPlugin
2024-02-10 13:58:20,933 [INFO] IPUIPlugin:80 - create IPUIPlugin
2024-02-10 13:58:20,933 [INFO] IPUIPlugin:80 - create IPUIPlugin
2024-02-10 13:58:20,933 [INFO] IPUIPlugin:80 - create IPUIPlugin
2024-02-10 13:58:20,933 [INFO] IPUIPlugin:80 - create IPUIPlugin
2024-02-10 13:58:20,933 [INFO] IPUIPlugin:80 - create IPUIPlugin
2024-02-10 13:58:20,933 [INFO] IPUIPlugin:80 - create IPUIPlugin
2024-02-10 13:58:20,934 [INFO] IPUIPlugin:80 - create IPUIPlugin
2024-02-10 13:58:20,934 [INFO] IPUIPlugin:80 - create IPUIPlugin
2024-02-10 13:58:20,934 [INFO] IPUIPlugin:80 - create IPUIPlugin
2024-02-10 13:58:20,934 [INFO] IPUIPlugin:80 - create IPUIPlugin
2024-02-10 13:58:20,934 [INFO] IPUIPlugin:80 - create IPUIPlugin
2024-02-10 13:58:20,934 [INFO] IPUIPlugin:80 - create IPUIPlugin
2024-02-10 13:58:20,934 [INFO] IPUIPlugin:80 - create IPUIPlugin
2024-02-10 13:58:20,934 [INFO] IPUIPlugin:80 - create IPUIPlugin
2024-02-10 13:58:20,934 [INFO] IPUIPlugin:80 - create IPUIPlugin
2024-02-10 13:58:20,934 [INFO] IPUIPlugin:80 - create IPUIPlugin
2024-02-10 13:58:20,934 [INFO] IPUIPlugin:80 - create IPUIPlugin
2024-02-10 13:58:20,934 [INFO] IPUIPlugin:80 - create IPUIPlugin
2024-02-10 13:58:20,934 [INFO] IPUIPlugin:80 - create IPUIPlugin
2024-02-10 13:58:20,934 [INFO] IPUIPlugin:80 - create IPUIPlugin
2024-02-10 13:58:20,935 [INFO] IPUIPlugin:80 - create IPUIPlugin
2024-02-10 13:58:20,935 [INFO] IPUIPlugin:80 - create IPUIPlugin
2024-02-10 13:58:20,935 [INFO] IPUIPlugin:80 - create IPUIPlugin
2024-02-10 13:58:20,935 [INFO] IPUIPlugin:80 - create IPUIPlugin
2024-02-10 13:58:20,935 [INFO] IPUIPlugin:80 - create IPUIPlugin
2024-02-10 13:58:20,935 [INFO] IPUIPlugin:80 - create IPUIPlugin
2024-02-10 13:58:20,935 [INFO] IPUIPlugin:80 - create IPUIPlugin
2024-02-10 13:58:20,936 [INFO] IPUIPlugin:80 - create IPUIPlugin
2024-02-10 13:58:20,936 [INFO] IPUIPlugin:80 - create IPUIPlugin
2024-02-10 13:58:20,936 [INFO] IPUIPlugin:80 - create IPUIPlugin
2024-02-10 13:58:20,936 [INFO] IPUIPlugin:80 - create IPUIPlugin
2024-02-10 13:58:20,936 [INFO] IPUIPlugin:80 - create IPUIPlugin
2024-02-10 13:58:20,936 [INFO] IPUIPlugin:80 - create IPUIPlugin
2024-02-10 13:58:20,937 [INFO] IPUIPlugin:80 - create IPUIPlugin
2024-02-10 13:58:20,937 [INFO] IPUIPlugin:80 - create IPUIPlugin
2024-02-10 13:58:20,937 [INFO] IPUIPlugin:80 - create IPUIPlugin
2024-02-10 13:58:20,937 [INFO] IPUIPlugin:80 - create IPUIPlugin
2024-02-10 13:58:20,937 [INFO] IPUIPlugin:80 - create IPUIPlugin
2024-02-10 13:58:20,937 [INFO] IPUIPlugin:80 - create IPUIPlugin
2024-02-10 13:58:20,937 [INFO] IPUIPlugin:80 - create IPUIPlugin
2024-02-10 13:58:20,937 [INFO] IPUIPlugin:80 - create IPUIPlugin
2024-02-10 13:58:20,937 [INFO] IPUIPlugin:80 - create IPUIPlugin
2024-02-10 13:58:20,938 [INFO] IPUIPlugin:80 - create IPUIPlugin
2024-02-10 13:58:20,938 [INFO] IPUIPlugin:80 - create IPUIPlugin
2024-02-10 13:58:20,938 [INFO] IPUIPlugin:80 - create IPUIPlugin
2024-02-10 13:58:20,938 [INFO] IPUIPlugin:80 - create IPUIPlugin
2024-02-10 13:58:20,938 [INFO] IPUIPlugin:80 - create IPUIPlugin
2024-02-10 13:58:20,938 [INFO] IPUIPlugin:80 - create IPUIPlugin
2024-02-10 13:58:20,938 [INFO] IPUIPlugin:80 - create IPUIPlugin
2024-02-10 13:58:20,938 [INFO] IPUIPlugin:80 - create IPUIPlugin
2024-02-10 13:58:20,939 [INFO] IPUIPlugin:80 - create IPUIPlugin
2024-02-10 13:58:20,939 [INFO] IPUIPlugin:80 - create IPUIPlugin
2024-02-10 13:58:20,939 [INFO] IPUIPlugin:80 - create IPUIPlugin
2024-02-10 13:58:20,939 [INFO] IPUIPlugin:80 - create IPUIPlugin
2024-02-10 13:58:20,939 [INFO] IPUIPlugin:80 - create IPUIPlugin
2024-02-10 13:58:20,939 [INFO] IPUIPlugin:80 - create IPUIPlugin
2024-02-10 13:58:20,939 [INFO] IPUIPlugin:80 - create IPUIPlugin
2024-02-10 13:58:20,939 [INFO] IPUIPlugin:80 - create IPUIPlugin
2024-02-10 13:58:20,939 [INFO] IPUIPlugin:80 - create IPUIPlugin
2024-02-10 13:58:20,940 [INFO] IPUIPlugin:80 - create IPUIPlugin
2024-02-10 13:58:20,940 [INFO] IPUIPlugin:80 - create IPUIPlugin
2024-02-10 13:58:20,940 [INFO] IPUIPlugin:80 - create IPUIPlugin
2024-02-10 13:58:20,940 [INFO] IPUIPlugin:80 - create IPUIPlugin
2024-02-10 13:58:20,940 [INFO] IPUIPlugin:80 - create IPUIPlugin
2024-02-10 13:58:20,940 [INFO] IPUIPlugin:80 - create IPUIPlugin
2024-02-10 13:58:20,941 [INFO] IPUIPlugin:80 - create IPUIPlugin
2024-02-10 13:58:20,941 [INFO] IPUIPlugin:80 - create IPUIPlugin
2024-02-10 13:58:20,958 [INFO] ApiDbMcu:508 - Load IP Config File for PDM2PCM
2024-02-10 13:58:21,029 [INFO] CADModel:165 - CPN selected for project levelSTM32F779IIT6
2024-02-10 13:58:21,029 [INFO] CADModel:114 - Register for checkConnection events
2024-02-10 13:58:21,067 [INFO] OpenFileManager:343 - Restore cursor
2024-02-10 13:58:21,505 [INFO] UtilMem:75 - End SaveConfig() Used Memory: 661524056 Bytes (953155584)
2024-02-10 13:59:12,025 [INFO] McuFinderGlobals:76 - Set McuFinderConnectedMode to true
2024-02-10 13:59:12,190 [INFO] ApiDb:448 - Save user favorites file /home/mario/.stm32cubeide/favorites.mcus.txt: 0 item(s)
2024-02-10 13:59:12,190 [INFO] ApiDb:452 - User favorites MCUs=[]
2024-02-10 14:00:04,609 [INFO] ADCParametersView:116 -                Rank 1 : false
2024-02-10 14:00:04,693 [INFO] ADCParametersView:116 -                Rank 1 : false
2024-02-10 14:00:04,693 [INFO] ADCParametersView:116 -                Rank 1 : false
2024-02-10 14:00:04,693 [INFO] ADCParametersView:116 -                Rank 1 : false
2024-02-10 14:00:04,693 [INFO] ADCParametersView:116 -                Rank 1 : false
2024-02-10 14:00:04,694 [INFO] ADCParametersView:116 -                Rank 1 : false
2024-02-10 14:00:04,694 [INFO] ADCParametersView:116 -                Rank 1 : false
2024-02-10 14:00:04,695 [INFO] ADCParametersView:116 -                Rank 1 : false
2024-02-10 14:00:04,695 [INFO] ADCParametersView:116 -                Rank 1 : false
2024-02-10 14:00:04,695 [INFO] ADCParametersView:116 -                Rank 1 : false
2024-02-10 14:00:04,695 [INFO] ADCParametersView:116 -                Rank 1 : false
2024-02-10 14:00:04,695 [INFO] ADCParametersView:116 -                Rank 1 : false
2024-02-10 14:00:04,695 [INFO] ADCParametersView:116 -                Rank 1 : false
2024-02-10 14:00:04,695 [INFO] ADCParametersView:116 -                Rank 1 : false
2024-02-10 14:00:04,696 [INFO] ADCParametersView:116 -                Rank 1 : false
2024-02-10 14:00:04,706 [INFO] ADCParametersView:116 -                Rank 1 : false
2024-02-10 14:00:04,756 [INFO] NvicIntPanel:101 - NVIC parent = com.st.microxplorer.plugins.ip.nvic.MultiNvicIntPanel[,0,0,0x0,invalid,layout=javax.swing.BoxLayout,alignmentX=0.0,alignmentY=0.0,border=,flags=9,maximumSize=,minimumSize=,preferredSize=]
2024-02-10 14:00:04,917 [INFO] ADCParametersView:116 -                Rank 1 : false
2024-02-10 14:00:04,918 [INFO] ADCParametersView:116 -                Rank 1 : false
2024-02-10 14:00:04,918 [INFO] ADCParametersView:116 -                Rank 1 : false
2024-02-10 14:00:04,918 [INFO] ADCParametersView:116 -                Rank 1 : false
2024-02-10 14:00:04,918 [INFO] ADCParametersView:116 -                Rank 1 : false
2024-02-10 14:00:04,918 [INFO] ADCParametersView:116 -                Rank 1 : false
2024-02-10 14:00:04,918 [INFO] ADCParametersView:116 -                Rank 1 : false
2024-02-10 14:00:04,918 [INFO] ADCParametersView:116 -                Rank 1 : false
2024-02-10 14:00:04,919 [INFO] ADCParametersView:116 -                Rank 1 : false
2024-02-10 14:00:04,919 [INFO] ADCParametersView:116 -                Rank 1 : false
2024-02-10 14:00:04,919 [INFO] ADCParametersView:116 -                Rank 1 : false
2024-02-10 14:00:04,919 [INFO] ADCParametersView:116 -                Rank 1 : false
2024-02-10 14:00:04,919 [INFO] ADCParametersView:116 -                Rank 1 : false
2024-02-10 14:00:04,919 [INFO] ADCParametersView:116 -                Rank 1 : false
2024-02-10 14:00:04,982 [INFO] ADCParametersView:116 -                Rank 1 : false
2024-02-10 14:00:05,046 [INFO] ADCParametersView:116 -                Rank 1 : false
2024-02-10 14:00:05,047 [INFO] ADCParametersView:116 -                Rank 1 : false
2024-02-10 14:00:05,047 [INFO] ADCParametersView:116 -                Rank 1 : false
2024-02-10 14:00:05,047 [INFO] ADCParametersView:116 -                Rank 1 : false
2024-02-10 14:00:05,047 [INFO] ADCParametersView:116 -                Rank 1 : false
2024-02-10 14:00:05,047 [INFO] ADCParametersView:116 -                Rank 1 : false
2024-02-10 14:00:05,048 [INFO] ADCParametersView:116 -                Rank 1 : false
2024-02-10 14:00:05,048 [INFO] ADCParametersView:116 -                Rank 1 : false
2024-02-10 14:00:05,048 [INFO] ADCParametersView:116 -                Rank 1 : false
2024-02-10 14:00:05,048 [INFO] ADCParametersView:116 -                Rank 1 : false
2024-02-10 14:00:05,048 [INFO] ADCParametersView:116 -                Rank 1 : false
2024-02-10 14:00:05,048 [INFO] ADCParametersView:116 -                Rank 1 : false
2024-02-10 14:00:05,048 [INFO] ADCParametersView:116 -                Rank 1 : false
2024-02-10 14:00:05,048 [INFO] ADCParametersView:116 -                Rank 1 : false
2024-02-10 14:00:05,089 [INFO] ADCParametersView:116 -                Rank 1 : false
2024-02-10 14:00:06,012 [INFO] ADCParametersView:116 -                Rank 1 : false
2024-02-10 14:00:06,012 [INFO] ADCParametersView:116 -                Rank 1 : false
2024-02-10 14:00:06,012 [INFO] ADCParametersView:116 -                Rank 1 : false
2024-02-10 14:00:06,012 [INFO] ADCParametersView:116 -                Rank 1 : false
2024-02-10 14:00:06,012 [INFO] ADCParametersView:116 -                Rank 1 : false
2024-02-10 14:00:06,012 [INFO] ADCParametersView:116 -                Rank 1 : false
2024-02-10 14:00:06,012 [INFO] ADCParametersView:116 -                Rank 1 : false
2024-02-10 14:00:06,012 [INFO] ADCParametersView:116 -                Rank 1 : false
2024-02-10 14:00:06,012 [INFO] ADCParametersView:116 -                Rank 1 : false
2024-02-10 14:00:06,012 [INFO] ADCParametersView:116 -                Rank 1 : false
2024-02-10 14:00:06,013 [INFO] ADCParametersView:116 -                Rank 1 : false
2024-02-10 14:00:06,013 [INFO] ADCParametersView:116 -                Rank 1 : false
2024-02-10 14:00:06,013 [INFO] ADCParametersView:116 -                Rank 1 : false
2024-02-10 14:00:06,013 [INFO] ADCParametersView:116 -                Rank 1 : false
2024-02-10 14:00:06,040 [INFO] ADCParametersView:116 -                Rank 1 : false
2024-02-10 14:00:06,073 [INFO] ADCParametersView:116 -                Rank 1 : false
2024-02-10 14:00:06,073 [INFO] ADCParametersView:116 -                Rank 1 : false
2024-02-10 14:00:06,073 [INFO] ADCParametersView:116 -                Rank 1 : false
2024-02-10 14:00:06,073 [INFO] ADCParametersView:116 -                Rank 1 : false
2024-02-10 14:00:06,073 [INFO] ADCParametersView:116 -                Rank 1 : false
2024-02-10 14:00:06,073 [INFO] ADCParametersView:116 -                Rank 1 : false
2024-02-10 14:00:06,073 [INFO] ADCParametersView:116 -                Rank 1 : false
2024-02-10 14:00:06,073 [INFO] ADCParametersView:116 -                Rank 1 : false
2024-02-10 14:00:06,073 [INFO] ADCParametersView:116 -                Rank 1 : false
2024-02-10 14:00:06,073 [INFO] ADCParametersView:116 -                Rank 1 : false
2024-02-10 14:00:06,074 [INFO] ADCParametersView:116 -                Rank 1 : false
2024-02-10 14:00:06,074 [INFO] ADCParametersView:116 -                Rank 1 : false
2024-02-10 14:00:06,074 [INFO] ADCParametersView:116 -                Rank 1 : false
2024-02-10 14:00:06,074 [INFO] ADCParametersView:116 -                Rank 1 : false
2024-02-10 14:00:06,101 [INFO] ADCParametersView:116 -                Rank 1 : false
2024-02-10 14:00:06,199 [INFO] ADCParametersView:116 -                Rank 1 : false
2024-02-10 14:00:06,199 [INFO] ADCParametersView:116 -                Rank 1 : false
2024-02-10 14:00:06,199 [INFO] ADCParametersView:116 -                Rank 1 : false
2024-02-10 14:00:06,199 [INFO] ADCParametersView:116 -                Rank 1 : false
2024-02-10 14:00:06,199 [INFO] ADCParametersView:116 -                Rank 1 : false
2024-02-10 14:00:06,199 [INFO] ADCParametersView:116 -                Rank 1 : false
2024-02-10 14:00:06,199 [INFO] ADCParametersView:116 -                Rank 1 : false
2024-02-10 14:00:06,199 [INFO] ADCParametersView:116 -                Rank 1 : false
2024-02-10 14:00:06,199 [INFO] ADCParametersView:116 -                Rank 1 : false
2024-02-10 14:00:06,199 [INFO] ADCParametersView:116 -                Rank 1 : false
2024-02-10 14:00:06,199 [INFO] ADCParametersView:116 -                Rank 1 : false
2024-02-10 14:00:06,199 [INFO] ADCParametersView:116 -                Rank 1 : false
2024-02-10 14:00:06,199 [INFO] ADCParametersView:116 -                Rank 1 : false
2024-02-10 14:00:06,199 [INFO] ADCParametersView:116 -                Rank 1 : false
2024-02-10 14:00:06,226 [INFO] ADCParametersView:116 -                Rank 1 : false
2024-02-10 14:00:06,259 [INFO] ADCParametersView:116 -                Rank 1 : false
2024-02-10 14:00:06,259 [INFO] ADCParametersView:116 -                Rank 1 : false
2024-02-10 14:00:06,260 [INFO] ADCParametersView:116 -                Rank 1 : false
2024-02-10 14:00:06,260 [INFO] ADCParametersView:116 -                Rank 1 : false
2024-02-10 14:00:06,260 [INFO] ADCParametersView:116 -                Rank 1 : false
2024-02-10 14:00:06,260 [INFO] ADCParametersView:116 -                Rank 1 : false
2024-02-10 14:00:06,260 [INFO] ADCParametersView:116 -                Rank 1 : false
2024-02-10 14:00:06,260 [INFO] ADCParametersView:116 -                Rank 1 : false
2024-02-10 14:00:06,260 [INFO] ADCParametersView:116 -                Rank 1 : false
2024-02-10 14:00:06,260 [INFO] ADCParametersView:116 -                Rank 1 : false
2024-02-10 14:00:06,260 [INFO] ADCParametersView:116 -                Rank 1 : false
2024-02-10 14:00:06,260 [INFO] ADCParametersView:116 -                Rank 1 : false
2024-02-10 14:00:06,260 [INFO] ADCParametersView:116 -                Rank 1 : false
2024-02-10 14:00:06,260 [INFO] ADCParametersView:116 -                Rank 1 : false
2024-02-10 14:00:06,287 [INFO] ADCParametersView:116 -                Rank 1 : false
2024-02-10 14:00:43,216 [INFO] ParamManager:896 - [Generic UI] PropertyChangeEvent: TAB_STATUS_CHANGED , "dont care", "never mind"
2024-02-10 14:00:43,240 [INFO] ParamManager:896 - [Generic UI] PropertyChangeEvent: TAB_STATUS_CHANGED , "dont care", "never mind"
2024-02-10 14:00:43,241 [INFO] ADCParametersView:116 -                Rank 1 : false
2024-02-10 14:00:43,258 [INFO] ADCParametersView:116 -                Rank 1 : false
2024-02-10 14:00:43,258 [INFO] ADCParametersView:116 -                Rank 1 : false
2024-02-10 14:00:43,258 [INFO] ADCParametersView:116 -                Rank 1 : false
2024-02-10 14:00:43,258 [INFO] ADCParametersView:116 -                Rank 1 : false
2024-02-10 14:00:43,258 [INFO] ADCParametersView:116 -                Rank 1 : false
2024-02-10 14:00:43,258 [INFO] ADCParametersView:116 -                Rank 1 : false
2024-02-10 14:00:43,258 [INFO] ADCParametersView:116 -                Rank 1 : false
2024-02-10 14:00:43,258 [INFO] ADCParametersView:116 -                Rank 1 : false
2024-02-10 14:00:43,258 [INFO] ADCParametersView:116 -                Rank 1 : false
2024-02-10 14:00:43,258 [INFO] ADCParametersView:116 -                Rank 1 : false
2024-02-10 14:00:43,258 [INFO] ADCParametersView:116 -                Rank 1 : false
2024-02-10 14:00:43,258 [INFO] ADCParametersView:116 -                Rank 1 : false
2024-02-10 14:00:43,258 [INFO] ADCParametersView:116 -                Rank 1 : false
2024-02-10 14:00:43,258 [INFO] ADCParametersView:116 -                Rank 1 : false
2024-02-10 14:00:43,265 [INFO] ADCParametersView:116 -                Rank 1 : false
2024-02-10 14:00:43,406 [INFO] NvicIntPanel:101 - NVIC parent = com.st.microxplorer.plugins.ip.nvic.MultiNvicIntPanel[,0,0,0x0,invalid,layout=javax.swing.BoxLayout,alignmentX=0.0,alignmentY=0.0,border=,flags=9,maximumSize=,minimumSize=,preferredSize=]
2024-02-10 14:00:43,506 [INFO] NvicIntPanel:101 - NVIC parent = com.st.microxplorer.plugins.ip.nvic.MultiNvicIntPanel[,0,0,0x0,invalid,layout=javax.swing.BoxLayout,alignmentX=0.0,alignmentY=0.0,border=,flags=9,maximumSize=,minimumSize=,preferredSize=]
2024-02-10 14:00:43,604 [INFO] ADCParametersView:116 -                Rank 1 : false
2024-02-10 14:00:43,604 [INFO] ADCParametersView:116 -                Rank 1 : false
2024-02-10 14:00:43,605 [INFO] ADCParametersView:116 -                Rank 1 : false
2024-02-10 14:00:43,605 [INFO] ADCParametersView:116 -                Rank 1 : false
2024-02-10 14:00:43,605 [INFO] ADCParametersView:116 -                Rank 1 : false
2024-02-10 14:00:43,605 [INFO] ADCParametersView:116 -                Rank 1 : false
2024-02-10 14:00:43,605 [INFO] ADCParametersView:116 -                Rank 1 : false
2024-02-10 14:00:43,605 [INFO] ADCParametersView:116 -                Rank 1 : false
2024-02-10 14:00:43,605 [INFO] ADCParametersView:116 -                Rank 1 : false
2024-02-10 14:00:43,605 [INFO] ADCParametersView:116 -                Rank 1 : false
2024-02-10 14:00:43,605 [INFO] ADCParametersView:116 -                Rank 1 : false
2024-02-10 14:00:43,605 [INFO] ADCParametersView:116 -                Rank 1 : false
2024-02-10 14:00:43,605 [INFO] ADCParametersView:116 -                Rank 1 : false
2024-02-10 14:00:43,605 [INFO] ADCParametersView:116 -                Rank 1 : false
2024-02-10 14:00:43,633 [INFO] ADCParametersView:116 -                Rank 1 : false
2024-02-10 14:00:43,666 [INFO] ADCParametersView:116 -                Rank 1 : false
2024-02-10 14:00:43,666 [INFO] ADCParametersView:116 -                Rank 1 : false
2024-02-10 14:00:43,666 [INFO] ADCParametersView:116 -                Rank 1 : false
2024-02-10 14:00:43,666 [INFO] ADCParametersView:116 -                Rank 1 : false
2024-02-10 14:00:43,666 [INFO] ADCParametersView:116 -                Rank 1 : false
2024-02-10 14:00:43,666 [INFO] ADCParametersView:116 -                Rank 1 : false
2024-02-10 14:00:43,666 [INFO] ADCParametersView:116 -                Rank 1 : false
2024-02-10 14:00:43,666 [INFO] ADCParametersView:116 -                Rank 1 : false
2024-02-10 14:00:43,666 [INFO] ADCParametersView:116 -                Rank 1 : false
2024-02-10 14:00:43,666 [INFO] ADCParametersView:116 -                Rank 1 : false
2024-02-10 14:00:43,666 [INFO] ADCParametersView:116 -                Rank 1 : false
2024-02-10 14:00:43,666 [INFO] ADCParametersView:116 -                Rank 1 : false
2024-02-10 14:00:43,666 [INFO] ADCParametersView:116 -                Rank 1 : false
2024-02-10 14:00:43,667 [INFO] ADCParametersView:116 -                Rank 1 : false
2024-02-10 14:00:43,693 [INFO] ADCParametersView:116 -                Rank 1 : false
2024-02-10 14:00:44,522 [INFO] ADCParametersView:116 -                Rank 1 : false
2024-02-10 14:00:44,522 [INFO] ADCParametersView:116 -                Rank 1 : false
2024-02-10 14:00:44,522 [INFO] ADCParametersView:116 -                Rank 1 : false
2024-02-10 14:00:44,522 [INFO] ADCParametersView:116 -                Rank 1 : false
2024-02-10 14:00:44,522 [INFO] ADCParametersView:116 -                Rank 1 : false
2024-02-10 14:00:44,522 [INFO] ADCParametersView:116 -                Rank 1 : false
2024-02-10 14:00:44,522 [INFO] ADCParametersView:116 -                Rank 1 : false
2024-02-10 14:00:44,522 [INFO] ADCParametersView:116 -                Rank 1 : false
2024-02-10 14:00:44,522 [INFO] ADCParametersView:116 -                Rank 1 : false
2024-02-10 14:00:44,522 [INFO] ADCParametersView:116 -                Rank 1 : false
2024-02-10 14:00:44,522 [INFO] ADCParametersView:116 -                Rank 1 : false
2024-02-10 14:00:44,522 [INFO] ADCParametersView:116 -                Rank 1 : false
2024-02-10 14:00:44,522 [INFO] ADCParametersView:116 -                Rank 1 : false
2024-02-10 14:00:44,522 [INFO] ADCParametersView:116 -                Rank 1 : false
2024-02-10 14:00:44,549 [INFO] ADCParametersView:116 -                Rank 1 : false
2024-02-10 14:00:44,580 [INFO] ADCParametersView:116 -                Rank 1 : false
2024-02-10 14:00:44,580 [INFO] ADCParametersView:116 -                Rank 1 : false
2024-02-10 14:00:44,580 [INFO] ADCParametersView:116 -                Rank 1 : false
2024-02-10 14:00:44,580 [INFO] ADCParametersView:116 -                Rank 1 : false
2024-02-10 14:00:44,580 [INFO] ADCParametersView:116 -                Rank 1 : false
2024-02-10 14:00:44,580 [INFO] ADCParametersView:116 -                Rank 1 : false
2024-02-10 14:00:44,580 [INFO] ADCParametersView:116 -                Rank 1 : false
2024-02-10 14:00:44,580 [INFO] ADCParametersView:116 -                Rank 1 : false
2024-02-10 14:00:44,580 [INFO] ADCParametersView:116 -                Rank 1 : false
2024-02-10 14:00:44,580 [INFO] ADCParametersView:116 -                Rank 1 : false
2024-02-10 14:00:44,580 [INFO] ADCParametersView:116 -                Rank 1 : false
2024-02-10 14:00:44,580 [INFO] ADCParametersView:116 -                Rank 1 : false
2024-02-10 14:00:44,580 [INFO] ADCParametersView:116 -                Rank 1 : false
2024-02-10 14:00:44,580 [INFO] ADCParametersView:116 -                Rank 1 : false
2024-02-10 14:00:44,607 [INFO] ADCParametersView:116 -                Rank 1 : false
2024-02-10 14:00:44,749 [INFO] ADCParametersView:116 -                Rank 1 : false
2024-02-10 14:00:44,749 [INFO] ADCParametersView:116 -                Rank 1 : false
2024-02-10 14:00:44,749 [INFO] ADCParametersView:116 -                Rank 1 : false
2024-02-10 14:00:44,749 [INFO] ADCParametersView:116 -                Rank 1 : false
2024-02-10 14:00:44,749 [INFO] ADCParametersView:116 -                Rank 1 : false
2024-02-10 14:00:44,749 [INFO] ADCParametersView:116 -                Rank 1 : false
2024-02-10 14:00:44,749 [INFO] ADCParametersView:116 -                Rank 1 : false
2024-02-10 14:00:44,749 [INFO] ADCParametersView:116 -                Rank 1 : false
2024-02-10 14:00:44,749 [INFO] ADCParametersView:116 -                Rank 1 : false
2024-02-10 14:00:44,749 [INFO] ADCParametersView:116 -                Rank 1 : false
2024-02-10 14:00:44,749 [INFO] ADCParametersView:116 -                Rank 1 : false
2024-02-10 14:00:44,749 [INFO] ADCParametersView:116 -                Rank 1 : false
2024-02-10 14:00:44,749 [INFO] ADCParametersView:116 -                Rank 1 : false
2024-02-10 14:00:44,749 [INFO] ADCParametersView:116 -                Rank 1 : false
2024-02-10 14:00:44,777 [INFO] ADCParametersView:116 -                Rank 1 : false
2024-02-10 14:00:44,808 [INFO] ADCParametersView:116 -                Rank 1 : false
2024-02-10 14:00:44,809 [INFO] ADCParametersView:116 -                Rank 1 : false
2024-02-10 14:00:44,809 [INFO] ADCParametersView:116 -                Rank 1 : false
2024-02-10 14:00:44,809 [INFO] ADCParametersView:116 -                Rank 1 : false
2024-02-10 14:00:44,809 [INFO] ADCParametersView:116 -                Rank 1 : false
2024-02-10 14:00:44,809 [INFO] ADCParametersView:116 -                Rank 1 : false
2024-02-10 14:00:44,809 [INFO] ADCParametersView:116 -                Rank 1 : false
2024-02-10 14:00:44,809 [INFO] ADCParametersView:116 -                Rank 1 : false
2024-02-10 14:00:44,809 [INFO] ADCParametersView:116 -                Rank 1 : false
2024-02-10 14:00:44,809 [INFO] ADCParametersView:116 -                Rank 1 : false
2024-02-10 14:00:44,809 [INFO] ADCParametersView:116 -                Rank 1 : false
2024-02-10 14:00:44,809 [INFO] ADCParametersView:116 -                Rank 1 : false
2024-02-10 14:00:44,809 [INFO] ADCParametersView:116 -                Rank 1 : false
2024-02-10 14:00:44,809 [INFO] ADCParametersView:116 -                Rank 1 : false
2024-02-10 14:00:44,835 [INFO] ADCParametersView:116 -                Rank 1 : false
2024-02-10 14:00:56,815 [INFO] Can:71 - Can Add PropertyChangeListener com.st.microxplorer.plugins.ip.can.Can@332851bd
2024-02-10 14:01:00,362 [INFO] Can:71 - Can Add PropertyChangeListener com.st.microxplorer.plugins.ip.can.Can@1a9662b6
2024-02-10 14:01:37,366 [INFO] UtilMem:75 - End SaveConfig() Used Memory: 346979896 Bytes (644874240)
2024-02-10 15:26:29,273 [ERROR] LogOutputStream:75 - [STDERR_REDIRECT] 
