2024-02-27 16:23:26,914 [INFO] Activator:176 - 


2024-02-27 16:23:26,917 [INFO] Activator:177 - !SESSION log4j initialized
2024-02-27 16:23:30,123 [INFO] LogOutputStream:77 - [STDOUT_REDIRECT] 
2024-02-27 16:23:30,549 [INFO] ApplicationProperties:184 - Using Application install path: /opt/st/stm32cubeide_1.14.0/plugins/com.st.stm32cube.common.mx_6.10.0.202311202037
2024-02-27 16:23:30,566 [INFO] DbMcusXml:78 - Set database path to: /opt/st/stm32cubeide_1.14.0/plugins/com.st.stm32cube.common.mx_6.10.0.202311202037//db//mcu/
2024-02-27 16:23:30,566 [INFO] ApiDb:274 - Set plugin database path to: /opt/st/stm32cubeide_1.14.0/plugins/com.st.stm32cube.common.mx_6.10.0.202311202037//db//plugins/boardmanager/
2024-02-27 16:23:30,567 [WARN] ApiDb:259 - Overriding images path with different value:  => /opt/st/stm32cubeide_1.14.0/plugins/com.st.stm32cube.common.mx_6.10.0.202311202037//db//plugins/mcufinder/images/
2024-02-27 16:23:30,572 [INFO] ApiDb:250 - Set database path to: /home/mario/.stmcufinder/plugins/mcufinder//mcu/
2024-02-27 16:23:30,573 [INFO] DbMcusAds:125 - Set database path to: /home/mario/.stmcufinder/plugins/mcufinder//mcu/
2024-02-27 16:23:30,576 [INFO] CrossReferenceDbSqlite:203 - Set database path to: /home/mario/.stmcufinder/plugins/mcufinder//mcu/cs/
2024-02-27 16:23:30,686 [INFO] RulesReader:64 - Compatibility file has been processed (297 Rules)
2024-02-27 16:23:30,748 [INFO] DbMcusXml:78 - Set database path to: /opt/st/stm32cubeide_1.14.0/plugins/com.st.stm32cube.common.mx_6.10.0.202311202037//db//mcu/
2024-02-27 16:23:30,749 [INFO] ApiDb:274 - Set plugin database path to: /opt/st/stm32cubeide_1.14.0/plugins/com.st.stm32cube.common.mx_6.10.0.202311202037//db//plugins/boardmanager/
2024-02-27 16:23:30,749 [INFO] ApiDb:261 - Set plugin images path to: /opt/st/stm32cubeide_1.14.0/plugins/com.st.stm32cube.common.mx_6.10.0.202311202037//db//plugins/mcufinder/images/
2024-02-27 16:23:30,749 [WARN] DbFile:41 - Overriding database path with different value: /home/mario/.stmcufinder/plugins/mcufinder/ => /home/mario/.stmcufinder/plugins/mcufinder
2024-02-27 16:23:30,749 [INFO] ApiDb:250 - Set database path to: /home/mario/.stmcufinder/plugins/mcufinder//mcu/
2024-02-27 16:23:30,749 [WARN] DbFile:41 - Overriding database path with different value: /home/mario/.stmcufinder/plugins/mcufinder/ => /home/mario/.stmcufinder/plugins/mcufinder
2024-02-27 16:23:30,749 [INFO] DbMcusAds:125 - Set database path to: /home/mario/.stmcufinder/plugins/mcufinder//mcu/
2024-02-27 16:23:30,749 [WARN] DbFile:41 - Overriding database path with different value: /home/mario/.stmcufinder/plugins/mcufinder/ => /home/mario/.stmcufinder/plugins/mcufinder
2024-02-27 16:23:30,750 [WARN] DbFile:41 - Overriding database path with different value: /home/mario/.stmcufinder/plugins/mcufinder/ => /home/mario/.stmcufinder/plugins/mcufinder
2024-02-27 16:23:30,750 [INFO] CrossReferenceDbSqlite:203 - Set database path to: /home/mario/.stmcufinder/plugins/mcufinder//mcu/cs/
2024-02-27 16:23:30,805 [INFO] MainPanel:264 - HeapMemory: 268435456
2024-02-27 16:23:30,873 [INFO] DbMcusXml:78 - Set database path to: /opt/st/stm32cubeide_1.14.0/plugins/com.st.stm32cube.common.mx_6.10.0.202311202037//db//mcu/
2024-02-27 16:23:30,874 [INFO] ApiDb:274 - Set plugin database path to: /opt/st/stm32cubeide_1.14.0/plugins/com.st.stm32cube.common.mx_6.10.0.202311202037//db//plugins/boardmanager/
2024-02-27 16:23:30,874 [INFO] ApiDb:261 - Set plugin images path to: /opt/st/stm32cubeide_1.14.0/plugins/com.st.stm32cube.common.mx_6.10.0.202311202037//db//plugins/mcufinder/images/
2024-02-27 16:23:30,874 [WARN] DbFile:41 - Overriding database path with different value: /home/mario/.stmcufinder/plugins/mcufinder/ => /home/mario/.stmcufinder/plugins/mcufinder
2024-02-27 16:23:30,874 [INFO] ApiDb:250 - Set database path to: /home/mario/.stmcufinder/plugins/mcufinder//mcu/
2024-02-27 16:23:30,874 [WARN] DbFile:41 - Overriding database path with different value: /home/mario/.stmcufinder/plugins/mcufinder/ => /home/mario/.stmcufinder/plugins/mcufinder
2024-02-27 16:23:30,874 [INFO] DbMcusAds:125 - Set database path to: /home/mario/.stmcufinder/plugins/mcufinder//mcu/
2024-02-27 16:23:30,874 [WARN] DbFile:41 - Overriding database path with different value: /home/mario/.stmcufinder/plugins/mcufinder/ => /home/mario/.stmcufinder/plugins/mcufinder
2024-02-27 16:23:30,875 [WARN] DbFile:41 - Overriding database path with different value: /home/mario/.stmcufinder/plugins/mcufinder/ => /home/mario/.stmcufinder/plugins/mcufinder
2024-02-27 16:23:30,875 [INFO] CrossReferenceDbSqlite:203 - Set database path to: /home/mario/.stmcufinder/plugins/mcufinder//mcu/cs/
2024-02-27 16:23:30,892 [INFO] ApplicationProperties:184 - Using Application install path: /opt/st/stm32cubeide_1.14.0/plugins/com.st.stm32cube.common.mx_6.10.0.202311202037
2024-02-27 16:23:30,893 [INFO] PluginManage:196 - Search for loadable plugins [exclusion list=, ]
2024-02-27 16:23:30,894 [INFO] PluginManage:310 - Check plugin analytics
2024-02-27 16:23:31,019 [INFO] AnalyticsPlugin:253 - Accepted Software Licenses: 
2024-02-27 16:23:31,020 [INFO] AnalyticsPlugin:255 - Accepted CMSIS Pack Licenses: 
2024-02-27 16:23:31,020 [INFO] AnalyticsPlugin:257 - Accepted Firmware Licenses: FW.F7.1.17.0
2024-02-27 16:23:31,021 [INFO] PluginManage:359 - Loaded plugin analytics (category:tool,tabindex:-1)
2024-02-27 16:23:31,021 [INFO] PluginManage:310 - Check plugin cadmodel
2024-02-27 16:23:31,086 [INFO] CADModel:105 - Init CAD model plugin
2024-02-27 16:23:31,086 [INFO] PluginManage:359 - Loaded plugin cadmodel (category:power,tabindex:5)
2024-02-27 16:23:31,087 [INFO] PluginManage:310 - Check plugin clock
2024-02-27 16:23:31,093 [INFO] PluginManage:359 - Loaded plugin clock (category:base,tabindex:2)
2024-02-27 16:23:31,093 [INFO] PluginManage:310 - Check plugin ddr
2024-02-27 16:23:31,094 [INFO] PluginManage:359 - Loaded plugin ddr (category:tool,tabindex:6)
2024-02-27 16:23:31,095 [INFO] PluginManage:310 - Check plugin filemanager
2024-02-27 16:23:31,181 [INFO] PluginManage:359 - Loaded plugin filemanager (category:base,tabindex:10)
2024-02-27 16:23:31,181 [INFO] PluginManage:310 - Check plugin ipmanager
2024-02-27 16:23:31,184 [INFO] PluginManage:359 - Loaded plugin ipmanager (category:base,tabindex:5)
2024-02-27 16:23:31,184 [INFO] PluginManage:310 - Check plugin lpbam
2024-02-27 16:23:31,190 [INFO] PluginManage:359 - Loaded plugin lpbam (category:base,tabindex:0)
2024-02-27 16:23:31,190 [INFO] PluginManage:310 - Check plugin memorymap
2024-02-27 16:23:31,197 [INFO] PluginManage:359 - Loaded plugin memorymap (category:base,tabindex:4)
2024-02-27 16:23:31,197 [INFO] PluginManage:310 - Check plugin pinoutandconfiguration
2024-02-27 16:23:31,202 [INFO] PluginManage:359 - Loaded plugin pinoutandconfiguration (category:base,tabindex:1)
2024-02-27 16:23:31,202 [INFO] PluginManage:310 - Check plugin pinoutconfig
2024-02-27 16:23:31,251 [WARN] SupportedApi:132 - Cannot load RTOS API schema: s4s-elt-must-match.1: The content of 'definitions' must match (annotation?, (simpleType | complexType)?, (unique | key | keyref)*)). A problem was found starting at: attribute.
2024-02-27 16:23:31,336 [INFO] PluginManage:359 - Loaded plugin pinoutconfig (category:base,tabindex:0)
2024-02-27 16:23:31,337 [INFO] PluginManage:310 - Check plugin power
2024-02-27 16:23:31,343 [INFO] PluginManage:359 - Loaded plugin power (category:power,tabindex:4)
2024-02-27 16:23:31,343 [INFO] PluginManage:310 - Check plugin projectmanager
2024-02-27 16:23:31,358 [INFO] PluginManage:359 - Loaded plugin projectmanager (category:projectmanager,tabindex:3)
2024-02-27 16:23:31,358 [INFO] PluginManage:310 - Check plugin thirdparty
2024-02-27 16:23:31,493 [INFO] PluginManage:359 - Loaded plugin thirdparty (category:base,tabindex:-1)
2024-02-27 16:23:31,493 [WARN] IntegrityCheckThread:84 - waiting for thirdparty lock release [integrity check]
2024-02-27 16:23:31,494 [INFO] PluginManage:310 - Check plugin tools
2024-02-27 16:23:31,494 [INFO] IntegrityCheckThread:86 - entering critical section [integrity check]
2024-02-27 16:23:31,494 [INFO] ThirdPartyUpdaterWithRetryManager:70 - Updater plugin not ready yet. [1/15]
2024-02-27 16:23:31,496 [INFO] PluginManage:359 - Loaded plugin tools (category:base,tabindex:7)
2024-02-27 16:23:31,496 [INFO] PluginManage:310 - Check plugin tutovideos
2024-02-27 16:23:31,611 [INFO] PluginManage:359 - Loaded plugin tutovideos (category:base,tabindex:-1)
2024-02-27 16:23:31,611 [INFO] PluginManage:310 - Check plugin updater
2024-02-27 16:23:31,618 [INFO] PluginManage:359 - Loaded plugin updater (category:base,tabindex:12)
2024-02-27 16:23:31,619 [INFO] PluginManage:310 - Check plugin userauth
2024-02-27 16:23:31,622 [INFO] UserAuth:114 - Init User Auth plugin
2024-02-27 16:23:31,622 [INFO] PluginManage:359 - Loaded plugin userauth (category:base,tabindex:14)
2024-02-27 16:23:31,623 [INFO] PluginManage:283 - PluginManage : Loaded plugins [17]
2024-02-27 16:23:31,766 [INFO] PinOutPanel:1499 - setPackage(No Configuration,No Configuration)
2024-02-27 16:23:31,819 [INFO] CADModel:165 - CPN selected for project level
2024-02-27 16:23:31,819 [INFO] CADModel:114 - Register for checkConnection events
2024-02-27 16:23:31,829 [INFO] IPUIPlugin:80 - create IPUIPlugin
2024-02-27 16:23:31,829 [INFO] PluginManager:220 - loadIPPluginJar : add dfsdm
2024-02-27 16:23:31,833 [INFO] IPUIPlugin:80 - create IPUIPlugin
2024-02-27 16:23:31,834 [INFO] PluginManager:220 - loadIPPluginJar : add freertos
2024-02-27 16:23:31,837 [INFO] IPUIPlugin:80 - create IPUIPlugin
2024-02-27 16:23:31,838 [INFO] PluginManager:220 - loadIPPluginJar : add gic
2024-02-27 16:23:31,841 [INFO] IPUIPlugin:80 - create IPUIPlugin
2024-02-27 16:23:31,841 [INFO] PluginManager:220 - loadIPPluginJar : add i2c
2024-02-27 16:23:31,843 [INFO] IPUIPlugin:80 - create IPUIPlugin
2024-02-27 16:23:31,843 [INFO] PluginManager:220 - loadIPPluginJar : add usbx
2024-02-27 16:23:31,846 [INFO] IPUIPlugin:80 - create IPUIPlugin
2024-02-27 16:23:31,846 [INFO] PluginManager:220 - loadIPPluginJar : add pdm2pcm
2024-02-27 16:23:31,848 [INFO] IPUIPlugin:80 - create IPUIPlugin
2024-02-27 16:23:31,848 [INFO] PluginManager:220 - loadIPPluginJar : add i2s
2024-02-27 16:23:31,850 [INFO] IPUIPlugin:80 - create IPUIPlugin
2024-02-27 16:23:31,851 [INFO] PluginManager:220 - loadIPPluginJar : add openamp
2024-02-27 16:23:31,853 [INFO] IPUIPlugin:80 - create IPUIPlugin
2024-02-27 16:23:31,854 [INFO] PluginManager:220 - loadIPPluginJar : add ipddr
2024-02-27 16:23:31,856 [INFO] IPUIPlugin:80 - create IPUIPlugin
2024-02-27 16:23:31,856 [INFO] PluginManager:220 - loadIPPluginJar : add aes
2024-02-27 16:23:31,863 [INFO] IPUIPlugin:80 - create IPUIPlugin
2024-02-27 16:23:31,863 [INFO] PluginManager:220 - loadIPPluginJar : add adc
2024-02-27 16:23:31,866 [INFO] IPUIPlugin:80 - create IPUIPlugin
2024-02-27 16:23:31,866 [INFO] PluginManager:220 - loadIPPluginJar : add can
2024-02-27 16:23:31,867 [INFO] IPUIPlugin:80 - create IPUIPlugin
2024-02-27 16:23:31,868 [INFO] PluginManager:220 - loadIPPluginJar : add genericplugin
2024-02-27 16:23:31,870 [INFO] IPUIPlugin:80 - create IPUIPlugin
2024-02-27 16:23:31,870 [INFO] PluginManager:220 - loadIPPluginJar : add cryp
2024-02-27 16:23:31,871 [INFO] IPUIPlugin:80 - create IPUIPlugin
2024-02-27 16:23:31,871 [INFO] PluginManager:220 - loadIPPluginJar : add ltdc
2024-02-27 16:23:31,872 [INFO] IPUIPlugin:80 - create IPUIPlugin
2024-02-27 16:23:31,872 [INFO] PluginManager:220 - loadIPPluginJar : add fatfs
2024-02-27 16:23:31,873 [INFO] IPUIPlugin:80 - create IPUIPlugin
2024-02-27 16:23:31,873 [INFO] PluginManager:220 - loadIPPluginJar : add tsc
2024-02-27 16:23:31,880 [INFO] IPUIPlugin:80 - create IPUIPlugin
2024-02-27 16:23:31,880 [INFO] PluginManager:220 - loadIPPluginJar : add linkedlist
2024-02-27 16:23:31,882 [INFO] IPUIPlugin:80 - create IPUIPlugin
2024-02-27 16:23:31,882 [INFO] PluginManager:220 - loadIPPluginJar : add hash
2024-02-27 16:23:31,884 [INFO] IPUIPlugin:80 - create IPUIPlugin
2024-02-27 16:23:31,884 [INFO] PluginManager:220 - loadIPPluginJar : add dma3
2024-02-27 16:23:31,886 [INFO] IPUIPlugin:80 - create IPUIPlugin
2024-02-27 16:23:31,886 [INFO] PluginManager:220 - loadIPPluginJar : add usart
2024-02-27 16:23:31,888 [INFO] IPUIPlugin:80 - create IPUIPlugin
2024-02-27 16:23:31,888 [INFO] PluginManager:220 - loadIPPluginJar : add ucpd
2024-02-27 16:23:31,891 [INFO] IPUIPlugin:80 - create IPUIPlugin
2024-02-27 16:23:31,891 [INFO] PluginManager:220 - loadIPPluginJar : add resmgrutility
2024-02-27 16:23:31,892 [INFO] IPUIPlugin:80 - create IPUIPlugin
2024-02-27 16:23:31,892 [INFO] PluginManager:220 - loadIPPluginJar : add comp
2024-02-27 16:23:31,893 [INFO] IPUIPlugin:80 - create IPUIPlugin
2024-02-27 16:23:31,894 [INFO] PluginManager:220 - loadIPPluginJar : add spi
2024-02-27 16:23:31,896 [INFO] IPUIPlugin:80 - create IPUIPlugin
2024-02-27 16:23:31,896 [INFO] PluginManager:220 - loadIPPluginJar : add gfxmmu
2024-02-27 16:23:31,898 [INFO] IPUIPlugin:80 - create IPUIPlugin
2024-02-27 16:23:31,898 [INFO] PluginManager:220 - loadIPPluginJar : add sai
2024-02-27 16:23:31,903 [INFO] IPUIPlugin:80 - create IPUIPlugin
2024-02-27 16:23:31,903 [INFO] PluginManager:220 - loadIPPluginJar : add stm32_wpan
2024-02-27 16:23:31,906 [INFO] IPUIPlugin:80 - create IPUIPlugin
2024-02-27 16:23:31,906 [INFO] PluginManager:220 - loadIPPluginJar : add nvic
2024-02-27 16:23:31,908 [INFO] IPUIPlugin:80 - create IPUIPlugin
2024-02-27 16:23:31,908 [INFO] PluginManager:220 - loadIPPluginJar : add tim
2024-02-27 16:23:31,911 [INFO] IPUIPlugin:80 - create IPUIPlugin
2024-02-27 16:23:31,911 [INFO] PluginManager:220 - loadIPPluginJar : add gtzc
2024-02-27 16:23:31,917 [INFO] IPUIPlugin:80 - create IPUIPlugin
2024-02-27 16:23:31,917 [INFO] PluginManager:220 - loadIPPluginJar : add dma
2024-02-27 16:23:31,919 [INFO] IPUIPlugin:80 - create IPUIPlugin
2024-02-27 16:23:31,919 [INFO] PluginManager:220 - loadIPPluginJar : add quadspi
2024-02-27 16:23:31,921 [INFO] IPUIPlugin:80 - create IPUIPlugin
2024-02-27 16:23:31,921 [INFO] PluginManager:220 - loadIPPluginJar : add i3c
2024-02-27 16:23:31,923 [INFO] IPUIPlugin:80 - create IPUIPlugin
2024-02-27 16:23:31,923 [INFO] PluginManager:220 - loadIPPluginJar : add ts
2024-02-27 16:23:31,925 [INFO] IPUIPlugin:80 - create IPUIPlugin
2024-02-27 16:23:31,925 [INFO] PluginManager:220 - loadIPPluginJar : add lorawan
2024-02-27 16:23:31,928 [INFO] IPUIPlugin:80 - create IPUIPlugin
2024-02-27 16:23:31,928 [INFO] PluginManager:220 - loadIPPluginJar : add opamp
2024-02-27 16:23:31,934 [INFO] IPUIPlugin:80 - create IPUIPlugin
2024-02-27 16:23:31,937 [INFO] PluginManager:220 - loadIPPluginJar : add plateformsettings
2024-02-27 16:23:31,940 [INFO] IPUIPlugin:80 - create IPUIPlugin
2024-02-27 16:23:31,940 [INFO] PluginManager:220 - loadIPPluginJar : add touchsensing
2024-02-27 16:23:31,947 [INFO] IPUIPlugin:80 - create IPUIPlugin
2024-02-27 16:23:31,947 [INFO] PluginManager:220 - loadIPPluginJar : add mdma
2024-02-27 16:23:31,949 [INFO] IPUIPlugin:80 - create IPUIPlugin
2024-02-27 16:23:31,950 [INFO] PluginManager:220 - loadIPPluginJar : add tracer_emb
2024-02-27 16:23:31,954 [INFO] IPUIPlugin:80 - create IPUIPlugin
2024-02-27 16:23:31,954 [INFO] PluginManager:220 - loadIPPluginJar : add gpio
2024-02-27 16:23:31,957 [INFO] IPUIPlugin:80 - create IPUIPlugin
2024-02-27 16:23:31,957 [INFO] PluginManager:220 - loadIPPluginJar : add fmc
2024-02-27 16:23:32,056 [INFO] CADModel:165 - CPN selected for project level
2024-02-27 16:23:32,057 [INFO] CADModel:114 - Register for checkConnection events
2024-02-27 16:23:32,057 [FATAL] Updater:308 - Updater called before beeing initialized
2024-02-27 16:23:32,057 [ERROR] CADModel:125 - Updater not yet initialized, retry later 
2024-02-27 16:23:32,166 [INFO] CADModel:165 - CPN selected for project level
2024-02-27 16:23:32,166 [INFO] CADModel:114 - Register for checkConnection events
2024-02-27 16:23:32,166 [FATAL] Updater:308 - Updater called before beeing initialized
2024-02-27 16:23:32,166 [ERROR] CADModel:125 - Updater not yet initialized, retry later 
2024-02-27 16:23:32,170 [FATAL] Updater:308 - Updater called before beeing initialized
2024-02-27 16:23:32,246 [FATAL] Updater:308 - Updater called before beeing initialized
2024-02-27 16:23:32,249 [INFO] DbMcusAds:53 - JSON generation date=Wed Nov 29 02:52:27 PST 2023 (1701255147200)
2024-02-27 16:23:32,250 [FATAL] Updater:308 - Updater called before beeing initialized
2024-02-27 16:23:32,276 [WARN] DetailPanel:346 - Failed to get advertising image, set to default
2024-02-27 16:23:32,368 [FATAL] Updater:308 - Updater called before beeing initialized
2024-02-27 16:23:32,370 [FATAL] Updater:308 - Updater called before beeing initialized
2024-02-27 16:23:32,370 [FATAL] Updater:308 - Updater called before beeing initialized
2024-02-27 16:23:32,370 [WARN] DetailPanel:346 - Failed to get advertising image, set to default
2024-02-27 16:23:32,371 [FATAL] Updater:308 - Updater called before beeing initialized
2024-02-27 16:23:32,405 [ERROR] Updater:1120 - MainUpdater not yet initialized. External WinMGr cannot be set.
2024-02-27 16:23:32,407 [INFO] Updater:1056 - Updater Version found : 6.10.0
2024-02-27 16:23:32,422 [INFO] ApplicationProperties:184 - Using Application install path: /opt/st/stm32cubeide_1.14.0/plugins/com.st.stm32cube.common.mx_6.10.0.202311202037
2024-02-27 16:23:32,638 [INFO] MainUpdater:2873 - connection check result : 10
2024-02-27 16:23:32,639 [INFO] MainUpdater:3567 - Updater definition file requires update
2024-02-27 16:23:32,639 [INFO] MainUpdater:290 - Updater Check For Update Now.
2024-02-27 16:23:32,640 [INFO] MicroXplorer:498 - Change Database Version : DB.6.0.100
2024-02-27 16:23:32,645 [INFO] McuFinderGlobals:63 - Set McuFinder mode to 2 (CubeIDE integrated)
2024-02-27 16:23:32,697 [INFO] ServerAccessManage:473 - Download File updaters.zip
2024-02-27 16:23:32,807 [INFO] FileExtend:240 - Unzip File : updaters.zip
2024-02-27 16:23:32,807 [INFO] FileExtend:255 - Standard Zip Deflate
2024-02-27 16:23:32,877 [INFO] UserAuth:404 - Internet connection configuration mode: 1
2024-02-27 16:23:32,890 [INFO] JxBrowserEngine:152 - Initiate JxBrowser Engine with user profile folder
2024-02-27 16:23:32,966 [INFO] ServerAccessManage:473 - Download File PacksControlFlags.xml
2024-02-27 16:23:33,004 [INFO] ServerAccessManage:473 - Download File cubemx.pidx
2024-02-27 16:23:33,095 [INFO] LoadServerUpdatesThread:375 - End of LoadServerUpdate Thread
2024-02-27 16:23:33,228 [INFO] CheckServerUpdateThread:120 - End of CheckServer Thread
2024-02-27 16:23:33,583 [INFO] WebApp:161 - Instantiating new browser for Auth
2024-02-27 16:23:33,985 [INFO] WebApp:780 - Register for checkConnection events
2024-02-27 16:23:33,985 [INFO] WebApp:414 - Apply proxy settings
2024-02-27 16:23:33,985 [INFO] WebApp:499 - Chromium requires no authentication
2024-02-27 16:23:33,990 [INFO] WebApp:442 - Direct internet connection detected
2024-02-27 16:23:34,072 [INFO] WebApp:192 - Starting web application
2024-02-27 16:23:34,072 [INFO] WebApp:544 - Web application path used /opt/st/stm32cubeide_1.14.0/plugins/com.st.stm32cube.common.mx_6.10.0.202311202037/db/plugins/mcufinder/reactClient1/index.html
2024-02-27 16:23:34,564 [WARN] PackLoader:240 - Cannot read IP mode file for STMicroelectronics.X-CUBE-SMBUS.2.1.0
2024-02-27 16:23:34,567 [WARN] PackLoader:240 - Cannot read IP mode file for STMicroelectronics.X-CUBE-TOUCHGFX.4.23.0
2024-02-27 16:23:34,594 [WARN] PackLoader:240 - Cannot read IP mode file for STMicroelectronics.X-CUBE-AZRTOS-F7.1.1.0
2024-02-27 16:23:34,604 [WARN] PackLoader:240 - Cannot read IP mode file for STMicroelectronics.FP-SNS-MOTENV1.4.3.2
2024-02-27 16:23:34,608 [WARN] PackLoader:240 - Cannot read IP mode file for STMicroelectronics.FP-SNS-FLIGHT1.5.0.2
2024-02-27 16:23:34,612 [WARN] PackLoader:240 - Cannot read IP mode file for STMicroelectronics.X-CUBE-DISPLAY.3.0.0
2024-02-27 16:23:34,619 [WARN] PackLoader:240 - Cannot read IP mode file for STMicroelectronics.X-CUBE-BLE1.7.0.0
2024-02-27 16:23:34,622 [WARN] PackLoader:240 - Cannot read IP mode file for emotas.I-CUBE-CANOPEN.1.3.0
2024-02-27 16:23:34,625 [WARN] PackLoader:240 - Cannot read IP mode file for STMicroelectronics.FP-SNS-SMARTAG2.1.2.0
2024-02-27 16:23:34,631 [INFO] LogOutputStream:77 - [STDOUT_REDIRECT] 1 : Invalid condition id : UX_CORESTACK_Condition cause : null
2024-02-27 16:23:34,631 [INFO] LogOutputStream:77 - [STDOUT_REDIRECT] 1 : Invalid condition id : UX_CORESTACK_Condition cause : null
2024-02-27 16:23:34,631 [INFO] LogOutputStream:77 - [STDOUT_REDIRECT] 1 : Invalid condition id : UX_CORESTACK_Condition cause : null
2024-02-27 16:23:34,631 [INFO] LogOutputStream:77 - [STDOUT_REDIRECT] 1 : Invalid condition id : UX_CORESTACK_Condition cause : null
2024-02-27 16:23:34,631 [INFO] LogOutputStream:77 - [STDOUT_REDIRECT] 1 : Invalid condition id : UX_CORESTACK_Condition cause : null
2024-02-27 16:23:34,634 [WARN] PackLoader:240 - Cannot read IP mode file for STMicroelectronics.X-CUBE-AZRTOS-WL.2.0.0
2024-02-27 16:23:34,638 [WARN] PackLoader:240 - Cannot read IP mode file for WES.I-CUBE-Cesium.1.3.0
2024-02-27 16:23:34,641 [WARN] PackLoader:240 - Cannot read IP mode file for STMicroelectronics.X-CUBE-BLE2.3.3.0
2024-02-27 16:23:34,644 [WARN] PackLoader:240 - Cannot read IP mode file for STMicroelectronics.X-CUBE-ALGOBUILD.1.3.0
2024-02-27 16:23:34,655 [WARN] PackLoader:240 - Cannot read IP mode file for STMicroelectronics.X-CUBE-AZRTOS-G0.1.1.0
2024-02-27 16:23:34,659 [WARN] PackLoader:240 - Cannot read IP mode file for STMicroelectronics.X-CUBE-NFC4.3.0.0
2024-02-27 16:23:34,665 [WARN] PackLoader:240 - Cannot read IP mode file for STMicroelectronics.X-CUBE-BLEMGR.3.0.0
2024-02-27 16:23:34,668 [WARN] PackLoader:240 - Cannot read IP mode file for STMicroelectronics.FP-ATR-SIGFOX1.3.2.0
2024-02-27 16:23:34,671 [WARN] PackLoader:240 - Cannot read IP mode file for STMicroelectronics.X-CUBE-EEPRMA1.5.1.0
2024-02-27 16:23:34,690 [WARN] PackLoader:240 - Cannot read IP mode file for SEGGER.I-CUBE-embOS.1.3.1
2024-02-27 16:23:34,714 [WARN] PackLoader:240 - Cannot read IP mode file for STMicroelectronics.X-CUBE-GNSS1.6.0.0
2024-02-27 16:23:34,722 [WARN] PackLoader:240 - Cannot read IP mode file for STMicroelectronics.X-CUBE-AZRTOS-F4.1.1.0
2024-02-27 16:23:34,725 [WARN] PackLoader:240 - Cannot read IP mode file for wolfSSL.I-CUBE-wolfSSL.5.6.6
2024-02-27 16:23:34,741 [WARN] PackLoader:240 - Cannot read IP mode file for STMicroelectronics.X-CUBE-AZRTOS-L5.2.0.0
2024-02-27 16:23:34,748 [WARN] PackLoader:240 - Cannot read IP mode file for ITTIA_DB.I-CUBE-ITTIADB.8.8.0
2024-02-27 16:23:34,752 [WARN] PackLoader:240 - Cannot read IP mode file for STMicroelectronics.X-CUBE-NFC7.1.0.1
2024-02-27 16:23:34,759 [WARN] PackLoader:240 - Cannot read IP mode file for STMicroelectronics.X-CUBE-NFC6.3.0.0
2024-02-27 16:23:34,764 [WARN] PackLoader:240 - Cannot read IP mode file for STMicroelectronics.X-CUBE-AI.8.1.0
2024-02-27 16:23:34,779 [WARN] ConditionMgr:438 - getConditionDescription Invalid condition id : LAN8742 Phy interface Condition cause : null
2024-02-27 16:23:34,780 [WARN] PackLoader:240 - Cannot read IP mode file for STMicroelectronics.X-CUBE-AZRTOS-L4.2.0.0
2024-02-27 16:23:34,781 [WARN] ConditionMgr:1039 - genDependencies : Invalid condition id : LAN8742 Phy interface Condition cause : null
2024-02-27 16:23:34,781 [WARN] ConditionMgr:1039 - genDependencies : Invalid condition id : LAN8742 Phy interface Condition cause : null
2024-02-27 16:23:34,782 [WARN] ConditionMgr:1039 - genDependencies : Invalid condition id : LAN8742 Phy interface Condition cause : null
2024-02-27 16:23:34,788 [WARN] PackLoader:240 - Cannot read IP mode file for STMicroelectronics.X-CUBE-SFXS2LP1.4.0.0
2024-02-27 16:23:34,799 [WARN] ConditionMgr:438 - getConditionDescription Invalid condition id : UX DEVICE CLASS RTOS Condition cause : null
2024-02-27 16:23:34,799 [WARN] ConditionMgr:438 - getConditionDescription Invalid condition id : UX DEVICE CLASS RTOS Condition cause : null
2024-02-27 16:23:34,801 [WARN] PackLoader:240 - Cannot read IP mode file for STMicroelectronics.X-CUBE-AZRTOS-WB.2.0.0
2024-02-27 16:23:34,802 [WARN] ConditionMgr:1039 - genDependencies : Invalid condition id : UX DEVICE CLASS RTOS Condition cause : null
2024-02-27 16:23:34,802 [WARN] ConditionMgr:1039 - genDependencies : Invalid condition id : UX DEVICE CLASS RTOS Condition cause : null
2024-02-27 16:23:34,802 [WARN] ConditionMgr:1039 - genDependencies : Invalid condition id : UX DEVICE CLASS RTOS Condition cause : null
2024-02-27 16:23:34,803 [WARN] ConditionMgr:1039 - genDependencies : Invalid condition id : UX DEVICE CLASS RTOS Condition cause : null
2024-02-27 16:23:34,803 [WARN] ConditionMgr:1039 - genDependencies : Invalid condition id : UX DEVICE CLASS RTOS Condition cause : null
2024-02-27 16:23:34,809 [WARN] PackLoader:240 - Cannot read IP mode file for STMicroelectronics.X-CUBE-SUBG2.5.0.0
2024-02-27 16:23:34,818 [WARN] PackLoader:240 - Cannot read IP mode file for STMicroelectronics.X-CUBE-AZRTOS-G4.2.0.0
2024-02-27 16:23:34,823 [WARN] PackLoader:240 - Cannot read IP mode file for Infineon.AIROC-Wi-Fi-Bluetooth-STM32.1.5.1
2024-02-27 16:23:34,827 [WARN] PackLoader:240 - Cannot read IP mode file for STMicroelectronics.FP-SNS-MOTENVWB1.1.3.1
2024-02-27 16:23:34,829 [WARN] PackLoader:240 - Cannot read IP mode file for STMicroelectronics.X-CUBE-ISPU.2.0.0
2024-02-27 16:23:34,857 [WARN] PackLoader:240 - Cannot read IP mode file for STMicroelectronics.X-CUBE-MEMS1.10.0.0
2024-02-27 16:23:34,919 [WARN] PackLoader:240 - Cannot read IP mode file for STMicroelectronics.X-CUBE-FREERTOS.1.1.0
2024-02-27 16:23:34,921 [WARN] PackLoader:240 - Cannot read IP mode file for portGmbH.I-Cube-SoM-uGOAL.1.1.0
2024-02-27 16:23:34,922 [WARN] PackLoader:240 - Cannot read IP mode file for STMicroelectronics.X-CUBE-ALS.1.0.1
2024-02-27 16:23:34,924 [WARN] PackLoader:240 - Cannot read IP mode file for STMicroelectronics.FP-ATR-ASTRA1.2.0.0
2024-02-27 16:23:34,928 [WARN] PackLoader:240 - Cannot read IP mode file for STMicroelectronics.X-CUBE-TOF1.3.4.0
2024-02-27 16:23:34,941 [WARN] PackLoader:240 - Cannot read IP mode file for STMicroelectronics.X-CUBE-AZRTOS-H7.3.2.0
2024-02-27 16:23:34,943 [INFO] ThirdParty:978 - Integrity check success = true
2024-02-27 16:23:34,943 [INFO] IntegrityCheckThread:100 - exiting critical section [integrity check]
2024-02-27 16:23:34,943 [INFO] IntegrityCheckThread:103 - End integrity checks thread
2024-02-27 16:23:54,401 [ERROR] LogOutputStream:75 - [STDERR_REDIRECT] SLF4J: Failed to load class "org.slf4j.impl.StaticLoggerBinder".
2024-02-27 16:23:54,402 [ERROR] LogOutputStream:75 - [STDERR_REDIRECT] SLF4J: Defaulting to no-operation (NOP) logger implementation
2024-02-27 16:23:54,402 [ERROR] LogOutputStream:75 - [STDERR_REDIRECT] SLF4J: See http://www.slf4j.org/codes.html#StaticLoggerBinder for further details.
2024-02-27 17:23:45,983 [ERROR] LogOutputStream:75 - [STDERR_REDIRECT] 
